Log file open, 07/07/23 16:14:19
LogWindows: Failed to load 'aqProf.dll' (GetLastError=126)
LogWindows: File 'aqProf.dll' does not exist
LogWindows: Failed to load 'VtuneApi.dll' (GetLastError=126)
LogWindows: File 'VtuneApi.dll' does not exist
LogWindows: Failed to load 'VtuneApi32e.dll' (GetLastError=126)
LogWindows: File 'VtuneApi32e.dll' does not exist
LogConsoleResponse: Display: Failed to find resolution value strings in scalability ini. Falling back to default.
LogConsoleResponse: Display: Failed to find resolution value strings in scalability ini. Falling back to default.
LogInit: Display: Running engine for game: Horror
LogPlatformFile: Not using cached read wrapper
LogTaskGraph: Started task graph with 5 named threads and 35 total threads with 3 sets of task threads.
LogStats: Stats thread started at 0.607039
LogICUInternationalization: ICU TimeZone Detection - Raw Offset: +1:00, Platform Override: ''
LogInit: Display: Loading text-based GConfig....
LogPluginManager: Mounting plugin MeshPainting
LogPluginManager: Mounting plugin XGEController
LogPluginManager: Mounting plugin LiveLink
LogPluginManager: Mounting plugin Paper2D
LogPluginManager: Mounting plugin LightPropagationVolume
LogPluginManager: Mounting plugin EnvironmentQueryEditor
LogPluginManager: Mounting plugin AISupport
LogPluginManager: Mounting plugin OodleData
LogPluginManager: Mounting plugin OodleNetwork
LogPluginManager: Mounting plugin AnimationSharing
LogPluginManager: Mounting plugin AssetManagerEditor
LogPluginManager: Mounting plugin CodeLiteSourceCodeAccess
LogPluginManager: Mounting plugin CLionSourceCodeAccess
LogPluginManager: Mounting plugin GitSourceControl
LogPluginManager: Mounting plugin NullSourceCodeAccess
LogPluginManager: Mounting plugin CryptoKeys
LogPluginManager: Mounting plugin KDevelopSourceCodeAccess
LogPluginManager: Mounting plugin CurveEditorTools
LogPluginManager: Mounting plugin DataValidation
LogPluginManager: Mounting plugin PixWinPlugin
LogPluginManager: Mounting plugin PerforceSourceControl
LogPluginManager: Mounting plugin PluginUtils
LogPluginManager: Mounting plugin GameplayTagsEditor
LogPluginManager: Mounting plugin FacialAnimation
LogPluginManager: Mounting plugin PlasticSourceControl
LogPluginManager: Mounting plugin PropertyAccessNode
LogPluginManager: Mounting plugin GeometryMode
LogPluginManager: Mounting plugin RiderSourceCodeAccess
LogPluginManager: Mounting plugin MacGraphicsSwitching
LogPluginManager: Mounting plugin TextureFormatOodle
LogPluginManager: Mounting plugin SubversionSourceControl
LogPluginManager: Mounting plugin MaterialAnalyzer
LogPluginManager: Mounting plugin UObjectPlugin
LogPluginManager: Mounting plugin PluginBrowser
LogPluginManager: Mounting plugin MobileLauncherProfileWizard
LogPluginManager: Mounting plugin SpeedTreeImporter
LogPluginManager: Mounting plugin VisualStudioCodeSourceCodeAccess
LogPluginManager: Mounting plugin VisualStudioSourceCodeAccess
LogPluginManager: Mounting plugin XCodeSourceCodeAccess
LogPluginManager: Mounting plugin DatasmithContent
LogPluginManager: Mounting plugin VariantManagerContent
LogPluginManager: Mounting plugin AlembicImporter
LogPluginManager: Mounting plugin BackChannel
LogPluginManager: Mounting plugin AutomationUtils
LogPluginManager: Mounting plugin ChaosCloth
LogPluginManager: Mounting plugin ChaosEditor
LogPluginManager: Mounting plugin ChaosNiagara
LogPluginManager: Mounting plugin ChaosSolverPlugin
LogPluginManager: Mounting plugin ChaosClothEditor
LogPluginManager: Mounting plugin CharacterAI
LogPluginManager: Mounting plugin LuminPlatformFeatures
LogPluginManager: Mounting plugin Niagara
LogPluginManager: Mounting plugin MagicLeap
LogPluginManager: Mounting plugin MagicLeapLightEstimation
LogPluginManager: Mounting plugin MagicLeapMedia
LogPluginManager: Mounting plugin MagicLeapPassableWorld
LogPluginManager: Mounting plugin GeometryCache
LogPluginManager: Mounting plugin MLSDK
LogPluginManager: Mounting plugin GeometryProcessing
LogPluginManager: Mounting plugin GeometryCollectionPlugin
LogPluginManager: Mounting plugin MotoSynth
LogPluginManager: Mounting plugin OpenImageDenoise
LogPluginManager: Mounting plugin PlanarCut
LogPluginManager: Mounting plugin PlatformCrypto
LogPluginManager: Mounting plugin ProxyLODPlugin
LogPluginManager: Mounting plugin PythonScriptPlugin
LogPluginManager: Mounting plugin AndroidMedia
LogPluginManager: Mounting plugin AvfMedia
LogPluginManager: Mounting plugin MediaPlayerEditor
LogPluginManager: Mounting plugin MediaCompositing
LogPluginManager: Mounting plugin ImgMedia
LogPluginManager: Mounting plugin WebMMedia
LogPluginManager: Mounting plugin UdpMessaging
LogPluginManager: Mounting plugin LauncherChunkInstaller
LogPluginManager: Mounting plugin TcpMessaging
LogPluginManager: Mounting plugin WmfMedia
LogPluginManager: Mounting plugin ActorSequence
LogPluginManager: Mounting plugin MatineeToLevelSequence
LogPluginManager: Mounting plugin LevelSequenceEditor
LogPluginManager: Mounting plugin OnlineSubsystem
LogPluginManager: Mounting plugin SkeletalReduction
LogPluginManager: Mounting plugin OnlineSubsystemNull
LogPluginManager: Mounting plugin TemplateSequence
LogPluginManager: Mounting plugin OnlineSubsystemUtils
LogPluginManager: Mounting plugin ActorLayerUtilities
LogPluginManager: Mounting plugin AndroidDeviceProfileSelector
LogPluginManager: Mounting plugin AndroidMoviePlayer
LogPluginManager: Mounting plugin AndroidPermission
LogPluginManager: Mounting plugin AppleImageUtils
LogPluginManager: Mounting plugin AssetTags
LogPluginManager: Mounting plugin ArchVisCharacter
LogPluginManager: Mounting plugin AppleMoviePlayer
LogPluginManager: Mounting plugin AudioCapture
LogPluginManager: Mounting plugin CableComponent
LogPluginManager: Mounting plugin ChunkDownloader
LogPluginManager: Mounting plugin AudioSynesthesia
LogPluginManager: Mounting plugin CustomMeshComponent
LogPluginManager: Mounting plugin EditableMesh
LogPluginManager: Mounting plugin ExampleDeviceProfileSelector
LogPluginManager: Mounting plugin ScreenshotTools
LogPluginManager: Mounting plugin GoogleCloudMessaging
LogPluginManager: Mounting plugin GooglePAD
LogPluginManager: Mounting plugin IOSDeviceProfileSelector
LogPluginManager: Mounting plugin LinuxDeviceProfileSelector
LogPluginManager: Mounting plugin LocationServicesBPLibrary
LogPluginManager: Mounting plugin MobilePatchingUtils
LogPluginManager: Mounting plugin Takes
LogPluginManager: Mounting plugin OpenXR
LogPluginManager: Mounting plugin OpenXRHandTracking
LogPluginManager: Mounting plugin OpenXREyeTracker
LogPluginManager: Mounting plugin PostSplashScreen
LogPluginManager: Mounting plugin PhysXVehicles
LogPluginManager: Mounting plugin ProceduralMeshComponent
LogPluginManager: Mounting plugin PropertyAccessEditor
LogPluginManager: Mounting plugin RuntimePhysXCooking
LogPluginManager: Mounting plugin SoundFields
LogPluginManager: Mounting plugin SignificanceManager
LogPluginManager: Mounting plugin Synthesis
LogPluginManager: Mounting plugin WebMMoviePlayer
LogPluginManager: Mounting plugin WindowsMoviePlayer
LogPluginManager: Mounting plugin GameplayCameras
LogPluginManager: Mounting plugin CameraShakePreviewer
LogPluginManager: Mounting plugin ContentBrowserAssetDataSource
LogPluginManager: Mounting plugin ContentBrowserClassDataSource
LogPluginManager: Mounting plugin ContentBrowserFileDataSource
LogPluginManager: Mounting plugin OnlineSubsystemGooglePlay
LogPluginManager: Mounting plugin OnlineSubsystemIOS
LogPluginManager: Mounting plugin OculusVR
LogPluginManager: Mounting plugin SteamVR
PixWinPlugin: PIX capture plugin failed to initialize! Check that the process is launched from PIX.
LogInit: Using libcurl 7.55.1-DEV
LogInit:  - built for x86_64-pc-win32
LogInit:  - supports SSL with OpenSSL/1.1.1
LogInit:  - supports HTTP deflate (compression) using libz 1.2.8
LogInit:  - other features:
LogInit:      CURL_VERSION_SSL
LogInit:      CURL_VERSION_LIBZ
LogInit:      CURL_VERSION_IPV6
LogInit:      CURL_VERSION_ASYNCHDNS
LogInit:      CURL_VERSION_LARGEFILE
LogInit:      CURL_VERSION_IDN
LogInit:  CurlRequestOptions (configurable via config and command line):
LogInit:  - bVerifyPeer = true  - Libcurl will verify peer certificate
LogInit:  - bUseHttpProxy = false  - Libcurl will NOT use HTTP proxy
LogInit:  - bDontReuseConnections = false  - Libcurl will reuse connections
LogInit:  - MaxHostConnections = 16  - Libcurl will limit the number of connections to a host
LogInit:  - LocalHostAddr = Default
LogInit:  - BufferSize = 65536
LogOnline: OSS: Creating online subsystem instance for: NULL
LogInit: WinSock: version 1.1 (2.2), MaxSocks=32767, MaxUdp=65467
LogOnline: OSS: TryLoadSubsystemAndSetDefault: Loaded subsystem for module [NULL]
LogOculusPluginWrapper: OculusPlugin initialized successfully
LogHMD: Failed initializing OVRPlugin 1.59.0
LogInit: Build: ++UE4+Release-4.27-CL-18319896
LogInit: Engine Version: 4.27.2-18319896+++UE4+Release-4.27
LogInit: Compatible Engine Version: 4.27.0-17155196+++UE4+Release-4.27
LogInit: Net CL: 17155196
LogInit: OS: Windows 10 (Release 2009) (), CPU: AMD Ryzen 5 2600 Six-Core Processor            , GPU: NVIDIA GeForce GTX 1050 Ti
LogInit: Compiled (64-bit): Nov 30 2021 07:12:08
LogInit: Compiled with Visual C++: 19.24.28315.00
LogInit: Build Configuration: Development
LogInit: Branch Name: ++UE4+Release-4.27
LogInit: Command Line: 
LogInit: Base Directory: C:/Program Files/Epic Games/UE_4.27/Engine/Binaries/Win64/
LogInit: Allocator: TBB
LogInit: Installed Engine Build: 1
LogDevObjectVersion: Number of dev versions registered: 29
LogDevObjectVersion:   Dev-Blueprints (B0D832E4-1F89-4F0D-ACCF-7EB736FD4AA2): 10
LogDevObjectVersion:   Dev-Build (E1C64328-A22C-4D53-A36C-8E866417BD8C): 0
LogDevObjectVersion:   Dev-Core (375EC13C-06E4-48FB-B500-84F0262A717E): 4
LogDevObjectVersion:   Dev-Editor (E4B068ED-F494-42E9-A231-DA0B2E46BB41): 40
LogDevObjectVersion:   Dev-Framework (CFFC743F-43B0-4480-9391-14DF171D2073): 37
LogDevObjectVersion:   Dev-Mobile (B02B49B5-BB20-44E9-A304-32B752E40360): 3
LogDevObjectVersion:   Dev-Networking (A4E4105C-59A1-49B5-A7C5-40C4547EDFEE): 0
LogDevObjectVersion:   Dev-Online (39C831C9-5AE6-47DC-9A44-9C173E1C8E7C): 0
LogDevObjectVersion:   Dev-Physics (78F01B33-EBEA-4F98-B9B4-84EACCB95AA2): 14
LogDevObjectVersion:   Dev-Platform (6631380F-2D4D-43E0-8009-CF276956A95A): 0
LogDevObjectVersion:   Dev-Rendering (12F88B9F-8875-4AFC-A67C-D90C383ABD29): 45
LogDevObjectVersion:   Dev-Sequencer (7B5AE74C-D270-4C10-A958-57980B212A5A): 13
LogDevObjectVersion:   Dev-VR (D7296918-1DD6-4BDD-9DE2-64A83CC13884): 3
LogDevObjectVersion:   Dev-LoadTimes (C2A15278-BFE7-4AFE-6C17-90FF531DF755): 1
LogDevObjectVersion:   Private-Geometry (6EACA3D4-40EC-4CC1-B786-8BED09428FC5): 3
LogDevObjectVersion:   Dev-AnimPhys (29E575DD-E0A3-4627-9D10-D276232CDCEA): 17
LogDevObjectVersion:   Dev-Anim (AF43A65D-7FD3-4947-9873-3E8ED9C1BB05): 15
LogDevObjectVersion:   Dev-ReflectionCapture (6B266CEC-1EC7-4B8F-A30B-E4D90942FC07): 1
LogDevObjectVersion:   Dev-Automation (0DF73D61-A23F-47EA-B727-89E90C41499A): 1
LogDevObjectVersion:   FortniteMain (601D1886-AC64-4F84-AA16-D3DE0DEAC7D6): 47
LogDevObjectVersion:   FortniteRelease (E7086368-6B23-4C58-8439-1B7016265E91): 1
LogDevObjectVersion:   Dev-Enterprise (9DFFBCD6-494F-0158-E221-12823C92A888): 10
LogDevObjectVersion:   Dev-Niagara (F2AED0AC-9AFE-416F-8664-AA7FFA26D6FC): 1
LogDevObjectVersion:   Dev-Destruction (174F1F0B-B4C6-45A5-B13F-2EE8D0FB917D): 10
LogDevObjectVersion:   Dev-Physics-Ext (35F94A83-E258-406C-A318-09F59610247C): 41
LogDevObjectVersion:   Dev-PhysicsMaterial-Chaos (B68FC16E-8B1B-42E2-B453-215C058844FE): 1
LogDevObjectVersion:   Dev-CineCamera (B2E18506-4273-CFC2-A54E-F4BB758BBA07): 1
LogDevObjectVersion:   Dev-VirtualProduction (64F58936-FD1B-42BA-BA96-7289D5D0FA4E): 1
LogDevObjectVersion:   Dev-MediaFramework (6F0ED827-A609-4895-9C91-998D90180EA4): 2
LogInit: Presizing for max 25165824 objects, including 0 objects not considered by GC, pre-allocating 0 bytes for permanent pool.
LogConfig: Applying CVar settings from Section [/Script/Engine.StreamingSettings] File [C:/Users/RayanEreteo/Documents/Unreal Projects/Horror/Saved/Config/Windows/Engine.ini]
LogConfig: Setting CVar [[s.MinBulkDataSizeForAsyncLoading:131072]]
LogConfig: Setting CVar [[s.AsyncLoadingThreadEnabled:0]]
LogConfig: Setting CVar [[s.EventDrivenLoaderEnabled:1]]
LogConfig: Setting CVar [[s.WarnIfTimeLimitExceeded:0]]
LogConfig: Setting CVar [[s.TimeLimitExceededMultiplier:1.5]]
LogConfig: Setting CVar [[s.TimeLimitExceededMinTime:0.005]]
LogConfig: Setting CVar [[s.UseBackgroundLevelStreaming:1]]
LogConfig: Setting CVar [[s.PriorityAsyncLoadingExtraTime:15.0]]
LogConfig: Setting CVar [[s.LevelStreamingActorsUpdateTimeLimit:5.0]]
LogConfig: Setting CVar [[s.PriorityLevelStreamingActorsUpdateExtraTime:5.0]]
LogConfig: Setting CVar [[s.LevelStreamingComponentsRegistrationGranularity:10]]
LogConfig: Setting CVar [[s.UnregisterComponentsTimeLimit:1.0]]
LogConfig: Setting CVar [[s.LevelStreamingComponentsUnregistrationGranularity:5]]
LogConfig: Setting CVar [[s.FlushStreamingOnExit:1]]
LogInit: Object subsystem initialized
LogConfig: Setting CVar [[con.DebugEarlyDefault:1]]
LogConfig: Setting CVar [[r.setres:1280x720]]
[2023.07.07-14.14.22:459][  0]LogConfig: Setting CVar [[r.VSync:0]]
[2023.07.07-14.14.22:459][  0]LogConfig: Setting CVar [[r.RHICmdBypass:0]]
[2023.07.07-14.14.22:459][  0]LogConfig: Applying CVar settings from Section [/Script/Engine.RendererSettings] File [C:/Users/RayanEreteo/Documents/Unreal Projects/Horror/Saved/Config/Windows/Engine.ini]
[2023.07.07-14.14.22:459][  0]LogConfig: Setting CVar [[r.GPUCrashDebugging:0]]
[2023.07.07-14.14.22:459][  0]LogConfig: Applying CVar settings from Section [/Script/Engine.RendererOverrideSettings] File [C:/Users/RayanEreteo/Documents/Unreal Projects/Horror/Saved/Config/Windows/Engine.ini]
[2023.07.07-14.14.22:459][  0]LogConfig: Applying CVar settings from Section [/Script/Engine.StreamingSettings] File [C:/Users/RayanEreteo/Documents/Unreal Projects/Horror/Saved/Config/Windows/Engine.ini]
[2023.07.07-14.14.22:459][  0]LogConfig: Setting CVar [[s.MinBulkDataSizeForAsyncLoading:131072]]
[2023.07.07-14.14.22:459][  0]LogConfig: Setting CVar [[s.AsyncLoadingThreadEnabled:0]]
[2023.07.07-14.14.22:459][  0]LogConfig: Setting CVar [[s.EventDrivenLoaderEnabled:1]]
[2023.07.07-14.14.22:459][  0]LogConfig: Setting CVar [[s.WarnIfTimeLimitExceeded:0]]
[2023.07.07-14.14.22:459][  0]LogConfig: Setting CVar [[s.TimeLimitExceededMultiplier:1.5]]
[2023.07.07-14.14.22:459][  0]LogConfig: Setting CVar [[s.TimeLimitExceededMinTime:0.005]]
[2023.07.07-14.14.22:459][  0]LogConfig: Setting CVar [[s.UseBackgroundLevelStreaming:1]]
[2023.07.07-14.14.22:459][  0]LogConfig: Setting CVar [[s.PriorityAsyncLoadingExtraTime:15.0]]
[2023.07.07-14.14.22:459][  0]LogConfig: Setting CVar [[s.LevelStreamingActorsUpdateTimeLimit:5.0]]
[2023.07.07-14.14.22:459][  0]LogConfig: Setting CVar [[s.PriorityLevelStreamingActorsUpdateExtraTime:5.0]]
[2023.07.07-14.14.22:459][  0]LogConfig: Setting CVar [[s.LevelStreamingComponentsRegistrationGranularity:10]]
[2023.07.07-14.14.22:460][  0]LogConfig: Setting CVar [[s.UnregisterComponentsTimeLimit:1.0]]
[2023.07.07-14.14.22:460][  0]LogConfig: Setting CVar [[s.LevelStreamingComponentsUnregistrationGranularity:5]]
[2023.07.07-14.14.22:460][  0]LogConfig: Setting CVar [[s.FlushStreamingOnExit:1]]
[2023.07.07-14.14.22:460][  0]LogConfig: Applying CVar settings from Section [/Script/Engine.GarbageCollectionSettings] File [C:/Users/RayanEreteo/Documents/Unreal Projects/Horror/Saved/Config/Windows/Engine.ini]
[2023.07.07-14.14.22:460][  0]LogConfig: Setting CVar [[gc.MaxObjectsNotConsideredByGC:1]]
[2023.07.07-14.14.22:460][  0]LogConfig: Setting CVar [[gc.SizeOfPermanentObjectPool:0]]
[2023.07.07-14.14.22:460][  0]LogConfig: Setting CVar [[gc.FlushStreamingOnGC:0]]
[2023.07.07-14.14.22:460][  0]LogConfig: Setting CVar [[gc.NumRetriesBeforeForcingGC:10]]
[2023.07.07-14.14.22:460][  0]LogConfig: Setting CVar [[gc.AllowParallelGC:1]]
[2023.07.07-14.14.22:460][  0]LogConfig: Setting CVar [[gc.TimeBetweenPurgingPendingKillObjects:61.1]]
[2023.07.07-14.14.22:460][  0]LogConfig: Setting CVar [[gc.MaxObjectsInEditor:25165824]]
[2023.07.07-14.14.22:460][  0]LogConfig: Setting CVar [[gc.IncrementalBeginDestroyEnabled:1]]
[2023.07.07-14.14.22:460][  0]LogConfig: Setting CVar [[gc.CreateGCClusters:1]]
[2023.07.07-14.14.22:460][  0]LogConfig: Setting CVar [[gc.MinGCClusterSize:5]]
[2023.07.07-14.14.22:460][  0]LogConfig: Setting CVar [[gc.ActorClusteringEnabled:0]]
[2023.07.07-14.14.22:460][  0]LogConfig: Setting CVar [[gc.BlueprintClusteringEnabled:0]]
[2023.07.07-14.14.22:460][  0]LogConfig: Setting CVar [[gc.UseDisregardForGCOnDedicatedServers:0]]
[2023.07.07-14.14.22:460][  0]LogConfig: Setting CVar [[gc.MultithreadedDestructionEnabled:1]]
[2023.07.07-14.14.22:460][  0]LogConfig: Applying CVar settings from Section [/Script/Engine.NetworkSettings] File [C:/Users/RayanEreteo/Documents/Unreal Projects/Horror/Saved/Config/Windows/Engine.ini]
[2023.07.07-14.14.22:460][  0]LogConfig: Applying CVar settings from Section [/Script/UnrealEd.CookerSettings] File [C:/Users/RayanEreteo/Documents/Unreal Projects/Horror/Saved/Config/Windows/Engine.ini]
[2023.07.07-14.14.22:467][  0]LogConfig: Applying CVar settings from Section [ViewDistanceQuality@3] File [C:/Users/RayanEreteo/Documents/Unreal Projects/Horror/Saved/Config/Windows/Scalability.ini]
[2023.07.07-14.14.22:467][  0]LogConfig: Setting CVar [[r.SkeletalMeshLODBias:0]]
[2023.07.07-14.14.22:467][  0]LogConfig: Setting CVar [[r.ViewDistanceScale:1.0]]
[2023.07.07-14.14.22:467][  0]LogConfig: Applying CVar settings from Section [AntiAliasingQuality@3] File [C:/Users/RayanEreteo/Documents/Unreal Projects/Horror/Saved/Config/Windows/Scalability.ini]
[2023.07.07-14.14.22:467][  0]LogConfig: Setting CVar [[r.PostProcessAAQuality:4]]
[2023.07.07-14.14.22:467][  0]LogConfig: Applying CVar settings from Section [ShadowQuality@3] File [C:/Users/RayanEreteo/Documents/Unreal Projects/Horror/Saved/Config/Windows/Scalability.ini]
[2023.07.07-14.14.22:467][  0]LogConfig: Setting CVar [[r.LightFunctionQuality:1]]
[2023.07.07-14.14.22:467][  0]LogConfig: Setting CVar [[r.ShadowQuality:5]]
[2023.07.07-14.14.22:467][  0]LogConfig: Setting CVar [[r.Shadow.CSM.MaxCascades:10]]
[2023.07.07-14.14.22:467][  0]LogConfig: Setting CVar [[r.Shadow.MaxResolution:2048]]
[2023.07.07-14.14.22:467][  0]LogConfig: Setting CVar [[r.Shadow.MaxCSMResolution:2048]]
[2023.07.07-14.14.22:467][  0]LogConfig: Setting CVar [[r.Shadow.RadiusThreshold:0.01]]
[2023.07.07-14.14.22:467][  0]LogConfig: Setting CVar [[r.Shadow.DistanceScale:1.0]]
[2023.07.07-14.14.22:467][  0]LogConfig: Setting CVar [[r.Shadow.CSM.TransitionScale:1.0]]
[2023.07.07-14.14.22:467][  0]LogConfig: Setting CVar [[r.Shadow.PreShadowResolutionFactor:1.0]]
[2023.07.07-14.14.22:467][  0]LogConfig: Setting CVar [[r.DistanceFieldShadowing:1]]
[2023.07.07-14.14.22:467][  0]LogConfig: Setting CVar [[r.DistanceFieldAO:1]]
[2023.07.07-14.14.22:467][  0]LogConfig: Setting CVar [[r.AOQuality:2]]
[2023.07.07-14.14.22:467][  0]LogConfig: Setting CVar [[r.VolumetricFog:1]]
[2023.07.07-14.14.22:467][  0]LogConfig: Setting CVar [[r.VolumetricFog.GridPixelSize:8]]
[2023.07.07-14.14.22:467][  0]LogConfig: Setting CVar [[r.VolumetricFog.GridSizeZ:128]]
[2023.07.07-14.14.22:467][  0]LogConfig: Setting CVar [[r.VolumetricFog.HistoryMissSupersampleCount:4]]
[2023.07.07-14.14.22:467][  0]LogConfig: Setting CVar [[r.LightMaxDrawDistanceScale:1]]
[2023.07.07-14.14.22:467][  0]LogConfig: Setting CVar [[r.CapsuleShadows:1]]
[2023.07.07-14.14.22:467][  0]LogConfig: Applying CVar settings from Section [PostProcessQuality@3] File [C:/Users/RayanEreteo/Documents/Unreal Projects/Horror/Saved/Config/Windows/Scalability.ini]
[2023.07.07-14.14.22:467][  0]LogConfig: Setting CVar [[r.MotionBlurQuality:4]]
[2023.07.07-14.14.22:467][  0]LogConfig: Setting CVar [[r.AmbientOcclusionMipLevelFactor:0.4]]
[2023.07.07-14.14.22:467][  0]LogConfig: Setting CVar [[r.AmbientOcclusionMaxQuality:100]]
[2023.07.07-14.14.22:467][  0]LogConfig: Setting CVar [[r.AmbientOcclusionLevels:-1]]
[2023.07.07-14.14.22:467][  0]LogConfig: Setting CVar [[r.AmbientOcclusionRadiusScale:1.0]]
[2023.07.07-14.14.22:467][  0]LogConfig: Setting CVar [[r.DepthOfFieldQuality:2]]
[2023.07.07-14.14.22:467][  0]LogConfig: Setting CVar [[r.RenderTargetPoolMin:400]]
[2023.07.07-14.14.22:467][  0]LogConfig: Setting CVar [[r.LensFlareQuality:2]]
[2023.07.07-14.14.22:467][  0]LogConfig: Setting CVar [[r.SceneColorFringeQuality:1]]
[2023.07.07-14.14.22:467][  0]LogConfig: Setting CVar [[r.EyeAdaptationQuality:2]]
[2023.07.07-14.14.22:467][  0]LogConfig: Setting CVar [[r.BloomQuality:5]]
[2023.07.07-14.14.22:467][  0]LogConfig: Setting CVar [[r.FastBlurThreshold:100]]
[2023.07.07-14.14.22:467][  0]LogConfig: Setting CVar [[r.Upscale.Quality:3]]
[2023.07.07-14.14.22:467][  0]LogConfig: Setting CVar [[r.Tonemapper.GrainQuantization:1]]
[2023.07.07-14.14.22:467][  0]LogConfig: Setting CVar [[r.LightShaftQuality:1]]
[2023.07.07-14.14.22:467][  0]LogConfig: Setting CVar [[r.Filter.SizeScale:1]]
[2023.07.07-14.14.22:467][  0]LogConfig: Setting CVar [[r.Tonemapper.Quality:5]]
[2023.07.07-14.14.22:467][  0]LogConfig: Setting CVar [[r.DOF.Gather.AccumulatorQuality:1        ; higher gathering accumulator quality]]
[2023.07.07-14.14.22:467][  0]LogConfig: Setting CVar [[r.DOF.Gather.PostfilterMethod:1          ; Median3x3 postfilering method]]
[2023.07.07-14.14.22:467][  0]LogConfig: Setting CVar [[r.DOF.Gather.EnableBokehSettings:0       ; no bokeh simulation when gathering]]
[2023.07.07-14.14.22:467][  0]LogConfig: Setting CVar [[r.DOF.Gather.RingCount:4                 ; medium number of samples when gathering]]
[2023.07.07-14.14.22:467][  0]LogConfig: Setting CVar [[r.DOF.Scatter.ForegroundCompositing:1    ; additive foreground scattering]]
[2023.07.07-14.14.22:467][  0]LogConfig: Setting CVar [[r.DOF.Scatter.BackgroundCompositing:2    ; additive background scattering]]
[2023.07.07-14.14.22:467][  0]LogConfig: Setting CVar [[r.DOF.Scatter.EnableBokehSettings:1      ; bokeh simulation when scattering]]
[2023.07.07-14.14.22:467][  0]LogConfig: Setting CVar [[r.DOF.Scatter.MaxSpriteRatio:0.1         ; only a maximum of 10% of scattered bokeh]]
[2023.07.07-14.14.22:467][  0]LogConfig: Setting CVar [[r.DOF.Recombine.Quality:1                ; cheap slight out of focus]]
[2023.07.07-14.14.22:467][  0]LogConfig: Setting CVar [[r.DOF.Recombine.EnableBokehSettings:0    ; no bokeh simulation on slight out of focus]]
[2023.07.07-14.14.22:467][  0]LogConfig: Setting CVar [[r.DOF.TemporalAAQuality:1                ; more stable temporal accumulation]]
[2023.07.07-14.14.22:468][  0]LogConfig: Setting CVar [[r.DOF.Kernel.MaxForegroundRadius:0.025]]
[2023.07.07-14.14.22:468][  0]LogConfig: Setting CVar [[r.DOF.Kernel.MaxBackgroundRadius:0.025]]
[2023.07.07-14.14.22:468][  0]LogConfig: Applying CVar settings from Section [TextureQuality@3] File [C:/Users/RayanEreteo/Documents/Unreal Projects/Horror/Saved/Config/Windows/Scalability.ini]
[2023.07.07-14.14.22:468][  0]LogConfig: Setting CVar [[r.Streaming.MipBias:0]]
[2023.07.07-14.14.22:468][  0]LogConfig: Setting CVar [[r.Streaming.AmortizeCPUToGPUCopy:0]]
[2023.07.07-14.14.22:468][  0]LogConfig: Setting CVar [[r.Streaming.MaxNumTexturesToStreamPerFrame:0]]
[2023.07.07-14.14.22:468][  0]LogConfig: Setting CVar [[r.Streaming.Boost:1]]
[2023.07.07-14.14.22:468][  0]LogConfig: Setting CVar [[r.MaxAnisotropy:8]]
[2023.07.07-14.14.22:468][  0]LogConfig: Setting CVar [[r.VT.MaxAnisotropy:8]]
[2023.07.07-14.14.22:468][  0]LogConfig: Setting CVar [[r.Streaming.LimitPoolSizeToVRAM:0]]
[2023.07.07-14.14.22:468][  0]LogConfig: Setting CVar [[r.Streaming.PoolSize:1000]]
[2023.07.07-14.14.22:468][  0]LogConfig: Setting CVar [[r.Streaming.MaxEffectiveScreenSize:0]]
[2023.07.07-14.14.22:468][  0]LogConfig: Applying CVar settings from Section [EffectsQuality@3] File [C:/Users/RayanEreteo/Documents/Unreal Projects/Horror/Saved/Config/Windows/Scalability.ini]
[2023.07.07-14.14.22:468][  0]LogConfig: Setting CVar [[r.TranslucencyLightingVolumeDim:64]]
[2023.07.07-14.14.22:468][  0]LogConfig: Setting CVar [[r.RefractionQuality:2]]
[2023.07.07-14.14.22:468][  0]LogConfig: Setting CVar [[r.SSR.Quality:3]]
[2023.07.07-14.14.22:468][  0]LogConfig: Setting CVar [[r.SSR.HalfResSceneColor:0]]
[2023.07.07-14.14.22:468][  0]LogConfig: Setting CVar [[r.SceneColorFormat:4]]
[2023.07.07-14.14.22:468][  0]LogConfig: Setting CVar [[r.DetailMode:2]]
[2023.07.07-14.14.22:468][  0]LogConfig: Setting CVar [[r.TranslucencyVolumeBlur:1]]
[2023.07.07-14.14.22:468][  0]LogConfig: Setting CVar [[r.MaterialQualityLevel:1 ; High quality]]
[2023.07.07-14.14.22:468][  0]LogConfig: Setting CVar [[r.AnisotropicMaterials:1]]
[2023.07.07-14.14.22:468][  0]LogConfig: Setting CVar [[r.SSS.Scale:1]]
[2023.07.07-14.14.22:468][  0]LogConfig: Setting CVar [[r.SSS.SampleSet:2]]
[2023.07.07-14.14.22:468][  0]LogConfig: Setting CVar [[r.SSS.Quality:1]]
[2023.07.07-14.14.22:468][  0]LogConfig: Setting CVar [[r.SSS.HalfRes:0]]
[2023.07.07-14.14.22:468][  0]LogConfig: Setting CVar [[r.SSGI.Quality:3]]
[2023.07.07-14.14.22:468][  0]LogConfig: Setting CVar [[r.EmitterSpawnRateScale:1.0]]
[2023.07.07-14.14.22:468][  0]LogConfig: Setting CVar [[r.ParticleLightQuality:2]]
[2023.07.07-14.14.22:468][  0]LogConfig: Setting CVar [[r.SkyAtmosphere.AerialPerspectiveLUT.FastApplyOnOpaque:1 ; Always have FastSkyLUT 1 in this case to avoid wrong sky]]
[2023.07.07-14.14.22:468][  0]LogConfig: Setting CVar [[r.SkyAtmosphere.AerialPerspectiveLUT.SampleCountMaxPerSlice:4]]
[2023.07.07-14.14.22:468][  0]LogConfig: Setting CVar [[r.SkyAtmosphere.AerialPerspectiveLUT.DepthResolution:16.0]]
[2023.07.07-14.14.22:468][  0]LogConfig: Setting CVar [[r.SkyAtmosphere.FastSkyLUT:1]]
[2023.07.07-14.14.22:468][  0]LogConfig: Setting CVar [[r.SkyAtmosphere.FastSkyLUT.SampleCountMin:4.0]]
[2023.07.07-14.14.22:468][  0]LogConfig: Setting CVar [[r.SkyAtmosphere.FastSkyLUT.SampleCountMax:128.0]]
[2023.07.07-14.14.22:468][  0]LogConfig: Setting CVar [[r.SkyAtmosphere.SampleCountMin:4.0]]
[2023.07.07-14.14.22:468][  0]LogConfig: Setting CVar [[r.SkyAtmosphere.SampleCountMax:128.0]]
[2023.07.07-14.14.22:468][  0]LogConfig: Setting CVar [[r.SkyAtmosphere.TransmittanceLUT.UseSmallFormat:0]]
[2023.07.07-14.14.22:468][  0]LogConfig: Setting CVar [[r.SkyAtmosphere.TransmittanceLUT.SampleCount:10.0]]
[2023.07.07-14.14.22:468][  0]LogConfig: Setting CVar [[r.SkyAtmosphere.MultiScatteringLUT.SampleCount:15.0]]
[2023.07.07-14.14.22:468][  0]LogConfig: Setting CVar [[r.SkyLight.RealTimeReflectionCapture:1]]
[2023.07.07-14.14.22:468][  0]LogConfig: Applying CVar settings from Section [FoliageQuality@3] File [C:/Users/RayanEreteo/Documents/Unreal Projects/Horror/Saved/Config/Windows/Scalability.ini]
[2023.07.07-14.14.22:468][  0]LogConfig: Setting CVar [[foliage.DensityScale:1.0]]
[2023.07.07-14.14.22:468][  0]LogConfig: Setting CVar [[grass.DensityScale:1.0]]
[2023.07.07-14.14.22:468][  0]LogConfig: Applying CVar settings from Section [ShadingQuality@3] File [C:/Users/RayanEreteo/Documents/Unreal Projects/Horror/Saved/Config/Windows/Scalability.ini]
[2023.07.07-14.14.22:468][  0]LogConfig: Setting CVar [[r.HairStrands.SkyLighting.IntegrationType:2]]
[2023.07.07-14.14.22:468][  0]LogConfig: Setting CVar [[r.HairStrands.SkyAO.SampleCount:4]]
[2023.07.07-14.14.22:468][  0]LogConfig: Setting CVar [[r.HairStrands.Visibility.MSAA.SamplePerPixel:4]]
[2023.07.07-14.14.22:468][  0]LogInit: Selected Device Profile: [Windows]
[2023.07.07-14.14.22:468][  0]LogInit: Applying CVar settings loaded from the selected device profile: [Windows]
[2023.07.07-14.14.22:468][  0]LogHAL: Display: Platform has ~ 16 GB [17128734720 / 17179869184 / 16], which maps to Larger [LargestMinGB=32, LargerMinGB=12, DefaultMinGB=8, SmallerMinGB=6, SmallestMinGB=0)
[2023.07.07-14.14.22:468][  0]LogInit: Going up to parent DeviceProfile []
[2023.07.07-14.14.22:468][  0]LogConfig: Applying CVar settings from Section [ViewDistanceQuality@3] File [C:/Users/RayanEreteo/Documents/Unreal Projects/Horror/Saved/Config/Windows/Scalability.ini]
[2023.07.07-14.14.22:468][  0]LogConfig: Setting CVar [[r.SkeletalMeshLODBias:0]]
[2023.07.07-14.14.22:468][  0]LogConfig: Setting CVar [[r.ViewDistanceScale:1.0]]
[2023.07.07-14.14.22:468][  0]LogConfig: Applying CVar settings from Section [AntiAliasingQuality@3] File [C:/Users/RayanEreteo/Documents/Unreal Projects/Horror/Saved/Config/Windows/Scalability.ini]
[2023.07.07-14.14.22:468][  0]LogConfig: Setting CVar [[r.PostProcessAAQuality:4]]
[2023.07.07-14.14.22:468][  0]LogConfig: Applying CVar settings from Section [ShadowQuality@3] File [C:/Users/RayanEreteo/Documents/Unreal Projects/Horror/Saved/Config/Windows/Scalability.ini]
[2023.07.07-14.14.22:468][  0]LogConfig: Setting CVar [[r.LightFunctionQuality:1]]
[2023.07.07-14.14.22:468][  0]LogConfig: Setting CVar [[r.ShadowQuality:5]]
[2023.07.07-14.14.22:468][  0]LogConfig: Setting CVar [[r.Shadow.CSM.MaxCascades:10]]
[2023.07.07-14.14.22:468][  0]LogConfig: Setting CVar [[r.Shadow.MaxResolution:2048]]
[2023.07.07-14.14.22:468][  0]LogConfig: Setting CVar [[r.Shadow.MaxCSMResolution:2048]]
[2023.07.07-14.14.22:468][  0]LogConfig: Setting CVar [[r.Shadow.RadiusThreshold:0.01]]
[2023.07.07-14.14.22:468][  0]LogConfig: Setting CVar [[r.Shadow.DistanceScale:1.0]]
[2023.07.07-14.14.22:468][  0]LogConfig: Setting CVar [[r.Shadow.CSM.TransitionScale:1.0]]
[2023.07.07-14.14.22:468][  0]LogConfig: Setting CVar [[r.Shadow.PreShadowResolutionFactor:1.0]]
[2023.07.07-14.14.22:469][  0]LogConfig: Setting CVar [[r.DistanceFieldShadowing:1]]
[2023.07.07-14.14.22:469][  0]LogConfig: Setting CVar [[r.DistanceFieldAO:1]]
[2023.07.07-14.14.22:469][  0]LogConfig: Setting CVar [[r.AOQuality:2]]
[2023.07.07-14.14.22:469][  0]LogConfig: Setting CVar [[r.VolumetricFog:1]]
[2023.07.07-14.14.22:469][  0]LogConfig: Setting CVar [[r.VolumetricFog.GridPixelSize:8]]
[2023.07.07-14.14.22:469][  0]LogConfig: Setting CVar [[r.VolumetricFog.GridSizeZ:128]]
[2023.07.07-14.14.22:469][  0]LogConfig: Setting CVar [[r.VolumetricFog.HistoryMissSupersampleCount:4]]
[2023.07.07-14.14.22:469][  0]LogConfig: Setting CVar [[r.LightMaxDrawDistanceScale:1]]
[2023.07.07-14.14.22:469][  0]LogConfig: Setting CVar [[r.CapsuleShadows:1]]
[2023.07.07-14.14.22:469][  0]LogConfig: Applying CVar settings from Section [PostProcessQuality@3] File [C:/Users/RayanEreteo/Documents/Unreal Projects/Horror/Saved/Config/Windows/Scalability.ini]
[2023.07.07-14.14.22:469][  0]LogConfig: Setting CVar [[r.MotionBlurQuality:4]]
[2023.07.07-14.14.22:469][  0]LogConfig: Setting CVar [[r.AmbientOcclusionMipLevelFactor:0.4]]
[2023.07.07-14.14.22:469][  0]LogConfig: Setting CVar [[r.AmbientOcclusionMaxQuality:100]]
[2023.07.07-14.14.22:469][  0]LogConfig: Setting CVar [[r.AmbientOcclusionLevels:-1]]
[2023.07.07-14.14.22:469][  0]LogConfig: Setting CVar [[r.AmbientOcclusionRadiusScale:1.0]]
[2023.07.07-14.14.22:469][  0]LogConfig: Setting CVar [[r.DepthOfFieldQuality:2]]
[2023.07.07-14.14.22:469][  0]LogConfig: Setting CVar [[r.RenderTargetPoolMin:400]]
[2023.07.07-14.14.22:469][  0]LogConfig: Setting CVar [[r.LensFlareQuality:2]]
[2023.07.07-14.14.22:469][  0]LogConfig: Setting CVar [[r.SceneColorFringeQuality:1]]
[2023.07.07-14.14.22:469][  0]LogConfig: Setting CVar [[r.EyeAdaptationQuality:2]]
[2023.07.07-14.14.22:469][  0]LogConfig: Setting CVar [[r.BloomQuality:5]]
[2023.07.07-14.14.22:469][  0]LogConfig: Setting CVar [[r.FastBlurThreshold:100]]
[2023.07.07-14.14.22:469][  0]LogConfig: Setting CVar [[r.Upscale.Quality:3]]
[2023.07.07-14.14.22:469][  0]LogConfig: Setting CVar [[r.Tonemapper.GrainQuantization:1]]
[2023.07.07-14.14.22:469][  0]LogConfig: Setting CVar [[r.LightShaftQuality:1]]
[2023.07.07-14.14.22:469][  0]LogConfig: Setting CVar [[r.Filter.SizeScale:1]]
[2023.07.07-14.14.22:469][  0]LogConfig: Setting CVar [[r.Tonemapper.Quality:5]]
[2023.07.07-14.14.22:469][  0]LogConfig: Setting CVar [[r.DOF.Gather.AccumulatorQuality:1        ; higher gathering accumulator quality]]
[2023.07.07-14.14.22:469][  0]LogConfig: Setting CVar [[r.DOF.Gather.PostfilterMethod:1          ; Median3x3 postfilering method]]
[2023.07.07-14.14.22:469][  0]LogConfig: Setting CVar [[r.DOF.Gather.EnableBokehSettings:0       ; no bokeh simulation when gathering]]
[2023.07.07-14.14.22:469][  0]LogConfig: Setting CVar [[r.DOF.Gather.RingCount:4                 ; medium number of samples when gathering]]
[2023.07.07-14.14.22:469][  0]LogConfig: Setting CVar [[r.DOF.Scatter.ForegroundCompositing:1    ; additive foreground scattering]]
[2023.07.07-14.14.22:469][  0]LogConfig: Setting CVar [[r.DOF.Scatter.BackgroundCompositing:2    ; additive background scattering]]
[2023.07.07-14.14.22:469][  0]LogConfig: Setting CVar [[r.DOF.Scatter.EnableBokehSettings:1      ; bokeh simulation when scattering]]
[2023.07.07-14.14.22:469][  0]LogConfig: Setting CVar [[r.DOF.Scatter.MaxSpriteRatio:0.1         ; only a maximum of 10% of scattered bokeh]]
[2023.07.07-14.14.22:469][  0]LogConfig: Setting CVar [[r.DOF.Recombine.Quality:1                ; cheap slight out of focus]]
[2023.07.07-14.14.22:469][  0]LogConfig: Setting CVar [[r.DOF.Recombine.EnableBokehSettings:0    ; no bokeh simulation on slight out of focus]]
[2023.07.07-14.14.22:469][  0]LogConfig: Setting CVar [[r.DOF.TemporalAAQuality:1                ; more stable temporal accumulation]]
[2023.07.07-14.14.22:469][  0]LogConfig: Setting CVar [[r.DOF.Kernel.MaxForegroundRadius:0.025]]
[2023.07.07-14.14.22:469][  0]LogConfig: Setting CVar [[r.DOF.Kernel.MaxBackgroundRadius:0.025]]
[2023.07.07-14.14.22:469][  0]LogConfig: Applying CVar settings from Section [TextureQuality@3] File [C:/Users/RayanEreteo/Documents/Unreal Projects/Horror/Saved/Config/Windows/Scalability.ini]
[2023.07.07-14.14.22:469][  0]LogConfig: Setting CVar [[r.Streaming.MipBias:0]]
[2023.07.07-14.14.22:469][  0]LogConfig: Setting CVar [[r.Streaming.AmortizeCPUToGPUCopy:0]]
[2023.07.07-14.14.22:469][  0]LogConfig: Setting CVar [[r.Streaming.MaxNumTexturesToStreamPerFrame:0]]
[2023.07.07-14.14.22:469][  0]LogConfig: Setting CVar [[r.Streaming.Boost:1]]
[2023.07.07-14.14.22:469][  0]LogConfig: Setting CVar [[r.MaxAnisotropy:8]]
[2023.07.07-14.14.22:469][  0]LogConfig: Setting CVar [[r.VT.MaxAnisotropy:8]]
[2023.07.07-14.14.22:469][  0]LogConfig: Setting CVar [[r.Streaming.LimitPoolSizeToVRAM:0]]
[2023.07.07-14.14.22:469][  0]LogConfig: Setting CVar [[r.Streaming.PoolSize:1000]]
[2023.07.07-14.14.22:469][  0]LogConfig: Setting CVar [[r.Streaming.MaxEffectiveScreenSize:0]]
[2023.07.07-14.14.22:469][  0]LogConfig: Applying CVar settings from Section [EffectsQuality@3] File [C:/Users/RayanEreteo/Documents/Unreal Projects/Horror/Saved/Config/Windows/Scalability.ini]
[2023.07.07-14.14.22:469][  0]LogConfig: Setting CVar [[r.TranslucencyLightingVolumeDim:64]]
[2023.07.07-14.14.22:469][  0]LogConfig: Setting CVar [[r.RefractionQuality:2]]
[2023.07.07-14.14.22:469][  0]LogConfig: Setting CVar [[r.SSR.Quality:3]]
[2023.07.07-14.14.22:469][  0]LogConfig: Setting CVar [[r.SSR.HalfResSceneColor:0]]
[2023.07.07-14.14.22:469][  0]LogConfig: Setting CVar [[r.SceneColorFormat:4]]
[2023.07.07-14.14.22:469][  0]LogConfig: Setting CVar [[r.DetailMode:2]]
[2023.07.07-14.14.22:469][  0]LogConfig: Setting CVar [[r.TranslucencyVolumeBlur:1]]
[2023.07.07-14.14.22:469][  0]LogConfig: Setting CVar [[r.MaterialQualityLevel:1 ; High quality]]
[2023.07.07-14.14.22:469][  0]LogConfig: Setting CVar [[r.AnisotropicMaterials:1]]
[2023.07.07-14.14.22:469][  0]LogConfig: Setting CVar [[r.SSS.Scale:1]]
[2023.07.07-14.14.22:469][  0]LogConfig: Setting CVar [[r.SSS.SampleSet:2]]
[2023.07.07-14.14.22:469][  0]LogConfig: Setting CVar [[r.SSS.Quality:1]]
[2023.07.07-14.14.22:469][  0]LogConfig: Setting CVar [[r.SSS.HalfRes:0]]
[2023.07.07-14.14.22:469][  0]LogConfig: Setting CVar [[r.SSGI.Quality:3]]
[2023.07.07-14.14.22:469][  0]LogConfig: Setting CVar [[r.EmitterSpawnRateScale:1.0]]
[2023.07.07-14.14.22:469][  0]LogConfig: Setting CVar [[r.ParticleLightQuality:2]]
[2023.07.07-14.14.22:469][  0]LogConfig: Setting CVar [[r.SkyAtmosphere.AerialPerspectiveLUT.FastApplyOnOpaque:1 ; Always have FastSkyLUT 1 in this case to avoid wrong sky]]
[2023.07.07-14.14.22:469][  0]LogConfig: Setting CVar [[r.SkyAtmosphere.AerialPerspectiveLUT.SampleCountMaxPerSlice:4]]
[2023.07.07-14.14.22:469][  0]LogConfig: Setting CVar [[r.SkyAtmosphere.AerialPerspectiveLUT.DepthResolution:16.0]]
[2023.07.07-14.14.22:469][  0]LogConfig: Setting CVar [[r.SkyAtmosphere.FastSkyLUT:1]]
[2023.07.07-14.14.22:469][  0]LogConfig: Setting CVar [[r.SkyAtmosphere.FastSkyLUT.SampleCountMin:4.0]]
[2023.07.07-14.14.22:469][  0]LogConfig: Setting CVar [[r.SkyAtmosphere.FastSkyLUT.SampleCountMax:128.0]]
[2023.07.07-14.14.22:469][  0]LogConfig: Setting CVar [[r.SkyAtmosphere.SampleCountMin:4.0]]
[2023.07.07-14.14.22:469][  0]LogConfig: Setting CVar [[r.SkyAtmosphere.SampleCountMax:128.0]]
[2023.07.07-14.14.22:470][  0]LogConfig: Setting CVar [[r.SkyAtmosphere.TransmittanceLUT.UseSmallFormat:0]]
[2023.07.07-14.14.22:470][  0]LogConfig: Setting CVar [[r.SkyAtmosphere.TransmittanceLUT.SampleCount:10.0]]
[2023.07.07-14.14.22:470][  0]LogConfig: Setting CVar [[r.SkyAtmosphere.MultiScatteringLUT.SampleCount:15.0]]
[2023.07.07-14.14.22:470][  0]LogConfig: Setting CVar [[r.SkyLight.RealTimeReflectionCapture:1]]
[2023.07.07-14.14.22:470][  0]LogConfig: Applying CVar settings from Section [FoliageQuality@3] File [C:/Users/RayanEreteo/Documents/Unreal Projects/Horror/Saved/Config/Windows/Scalability.ini]
[2023.07.07-14.14.22:470][  0]LogConfig: Setting CVar [[foliage.DensityScale:1.0]]
[2023.07.07-14.14.22:470][  0]LogConfig: Setting CVar [[grass.DensityScale:1.0]]
[2023.07.07-14.14.22:470][  0]LogConfig: Applying CVar settings from Section [ShadingQuality@3] File [C:/Users/RayanEreteo/Documents/Unreal Projects/Horror/Saved/Config/Windows/Scalability.ini]
[2023.07.07-14.14.22:470][  0]LogConfig: Setting CVar [[r.HairStrands.SkyLighting.IntegrationType:2]]
[2023.07.07-14.14.22:470][  0]LogConfig: Setting CVar [[r.HairStrands.SkyAO.SampleCount:4]]
[2023.07.07-14.14.22:470][  0]LogConfig: Setting CVar [[r.HairStrands.Visibility.MSAA.SamplePerPixel:4]]
[2023.07.07-14.14.22:470][  0]LogConfig: Applying CVar settings from Section [Startup] File [../../../Engine/Config/ConsoleVariables.ini]
[2023.07.07-14.14.22:470][  0]LogConfig: Setting CVar [[net.UseAdaptiveNetUpdateFrequency:0]]
[2023.07.07-14.14.22:470][  0]LogConfig: Setting CVar [[p.chaos.AllowCreatePhysxBodies:1]]
[2023.07.07-14.14.22:470][  0]LogConfig: Setting CVar [[fx.SkipVectorVMBackendOptimizations:1]]
[2023.07.07-14.14.22:470][  0]LogConfig: Applying CVar settings from Section [ConsoleVariables] File [C:/Users/RayanEreteo/Documents/Unreal Projects/Horror/Saved/Config/Windows/Engine.ini]
[2023.07.07-14.14.22:470][  0]LogConfig: Applying CVar settings from Section [ConsoleVariables] File [C:/Users/RayanEreteo/Documents/Unreal Projects/Horror/Saved/Config/Windows/Editor.ini]
[2023.07.07-14.14.22:470][  0]LogInit: Computer: DESKTOP-47OQRJ2
[2023.07.07-14.14.22:470][  0]LogInit: User: RayanEreteo
[2023.07.07-14.14.22:470][  0]LogInit: CPU Page size=4096, Cores=6
[2023.07.07-14.14.22:470][  0]LogInit: High frequency timer resolution =10.000000 MHz
[2023.07.07-14.14.22:470][  0]LogMemory: Memory total: Physical=16.0GB (16GB approx)
[2023.07.07-14.14.22:470][  0]LogMemory: Platform Memory Stats for Windows
[2023.07.07-14.14.22:470][  0]LogMemory: Process Physical Memory: 145.77 MB used, 148.52 MB peak
[2023.07.07-14.14.22:470][  0]LogMemory: Process Virtual Memory: 131.68 MB used, 131.68 MB peak
[2023.07.07-14.14.22:470][  0]LogMemory: Physical Memory: 4575.68 MB used,  11759.55 MB free, 16335.23 MB total
[2023.07.07-14.14.22:470][  0]LogMemory: Virtual Memory: 134205328.00 MB used,  12401.01 MB free, 134217728.00 MB total
[2023.07.07-14.14.22:476][  0]LogWindows: WindowsPlatformFeatures enabled
[2023.07.07-14.14.22:500][  0]LogInit: Physics initialised using underlying interface: PhysX
[2023.07.07-14.14.22:501][  0]LogInit: Using OS detected language (fr-FR).
[2023.07.07-14.14.22:501][  0]LogInit: Using OS detected locale (fr-FR).
[2023.07.07-14.14.22:510][  0]LogTextLocalizationManager: No specific localization for 'fr-FR' exists, so the 'fr' localization will be used.
[2023.07.07-14.14.22:511][  0]LogTextLocalizationResource: LocRes '../../../Engine/Content/Localization/Editor/fr/Editor.locres' could not be opened for reading!
[2023.07.07-14.14.22:511][  0]LogTextLocalizationResource: LocRes '../../../Engine/Content/Localization/EditorTutorials/fr/EditorTutorials.locres' could not be opened for reading!
[2023.07.07-14.14.22:511][  0]LogTextLocalizationResource: LocRes '../../../Engine/Content/Localization/Keywords/fr/Keywords.locres' could not be opened for reading!
[2023.07.07-14.14.22:511][  0]LogTextLocalizationResource: LocRes '../../../Engine/Content/Localization/Category/fr/Category.locres' could not be opened for reading!
[2023.07.07-14.14.22:511][  0]LogTextLocalizationResource: LocRes '../../../Engine/Content/Localization/ToolTips/fr/ToolTips.locres' could not be opened for reading!
[2023.07.07-14.14.22:512][  0]LogTextLocalizationResource: LocRes '../../../Engine/Content/Localization/PropertyNames/fr/PropertyNames.locres' could not be opened for reading!
[2023.07.07-14.14.22:512][  0]LogTextLocalizationResource: LocRes '../../../Engine/Content/Localization/Engine/fr/Engine.locres' could not be opened for reading!
[2023.07.07-14.14.22:513][  0]LogInit: Setting process to per monitor DPI aware
[2023.07.07-14.14.22:525][  0]LogWindowsTextInputMethodSystem: Display: IME system deactivated.
[2023.07.07-14.14.22:538][  0]LogSlate: New Slate User Created.  User Index 0, Is Virtual User: 0
[2023.07.07-14.14.22:538][  0]LogSlate: Slate User Registered.  User Index 0, Is Virtual User: 0
[2023.07.07-14.14.22:717][  0]LogD3D11RHI: Loaded GFSDK_Aftermath_Lib.x64.dll
[2023.07.07-14.14.22:759][  0]LogHMD: Failed to initialize OpenVR with code 126
[2023.07.07-14.14.22:759][  0]LogD3D11RHI: D3D11 min allowed feature level: 11_0
[2023.07.07-14.14.22:759][  0]LogD3D11RHI: D3D11 max allowed feature level: 11_0
[2023.07.07-14.14.22:759][  0]LogD3D11RHI: D3D11 adapters:
[2023.07.07-14.14.22:919][  0]LogD3D11RHI:    0. 'NVIDIA GeForce GTX 1050 Ti' (Feature Level 11_0)
[2023.07.07-14.14.22:919][  0]LogD3D11RHI:       4017/0/8167 MB DedicatedVideo/DedicatedSystem/SharedSystem, Outputs:1, VendorId:0x10de
[2023.07.07-14.14.22:922][  0]LogD3D11RHI:    1. 'Microsoft Basic Render Driver' (Feature Level 11_0)
[2023.07.07-14.14.22:922][  0]LogD3D11RHI:       0/0/8167 MB DedicatedVideo/DedicatedSystem/SharedSystem, Outputs:0, VendorId:0x1414
[2023.07.07-14.14.22:922][  0]LogD3D11RHI: Chosen D3D11 Adapter:
[2023.07.07-14.14.22:922][  0]LogD3D11RHI:     Description : NVIDIA GeForce GTX 1050 Ti
[2023.07.07-14.14.22:922][  0]LogD3D11RHI:     VendorId    : 10de
[2023.07.07-14.14.22:922][  0]LogD3D11RHI:     DeviceId    : 1c82
[2023.07.07-14.14.22:922][  0]LogD3D11RHI:     SubSysId    : 86261043
[2023.07.07-14.14.22:922][  0]LogD3D11RHI:     Revision    : 00a1
[2023.07.07-14.14.22:922][  0]LogD3D11RHI:     DedicatedVideoMemory : 4212129792 bytes
[2023.07.07-14.14.22:922][  0]LogD3D11RHI:     DedicatedSystemMemory : 0 bytes
[2023.07.07-14.14.22:922][  0]LogD3D11RHI:     SharedSystemMemory : 8564367360 bytes
[2023.07.07-14.14.22:922][  0]LogD3D11RHI:     AdapterLuid : 0 54620
[2023.07.07-14.14.22:927][  0]LogD3D11RHI: Creating new Direct3DDevice
[2023.07.07-14.14.22:927][  0]LogD3D11RHI:     GPU DeviceId: 0x1c82 (for the marketing name, search the web for "GPU Device Id")
[2023.07.07-14.14.22:927][  0]LogWindows: EnumDisplayDevices:
[2023.07.07-14.14.22:928][  0]LogWindows:    0. 'NVIDIA GeForce GTX 1050 Ti' (P:1 D:1)
[2023.07.07-14.14.22:928][  0]LogWindows:    1. 'NVIDIA GeForce GTX 1050 Ti' (P:0 D:0)
[2023.07.07-14.14.22:928][  0]LogWindows:    2. 'NVIDIA GeForce GTX 1050 Ti' (P:0 D:0)
[2023.07.07-14.14.22:928][  0]LogWindows:    3. 'NVIDIA GeForce GTX 1050 Ti' (P:0 D:0)
[2023.07.07-14.14.22:928][  0]LogWindows: DebugString: FoundDriverCount:4 
[2023.07.07-14.14.22:928][  0]LogD3D11RHI:     Adapter Name: NVIDIA GeForce GTX 1050 Ti
[2023.07.07-14.14.22:928][  0]LogD3D11RHI:   Driver Version: 531.79 (internal:31.0.15.3179, unified:531.79)
[2023.07.07-14.14.22:928][  0]LogD3D11RHI:      Driver Date: 4-25-2023
[2023.07.07-14.14.22:928][  0]LogRHI: Texture pool is 2811 MB (70% of 4017 MB)
[2023.07.07-14.14.22:928][  0]LogD3D11RHI: Creating D3DDevice using adapter:
[2023.07.07-14.14.22:928][  0]LogD3D11RHI:     Description : NVIDIA GeForce GTX 1050 Ti
[2023.07.07-14.14.22:928][  0]LogD3D11RHI:     VendorId    : 10de
[2023.07.07-14.14.22:928][  0]LogD3D11RHI:     DeviceId    : 1c82
[2023.07.07-14.14.22:929][  0]LogD3D11RHI:     SubSysId    : 86261043
[2023.07.07-14.14.22:929][  0]LogD3D11RHI:     Revision    : 00a1
[2023.07.07-14.14.22:929][  0]LogD3D11RHI:     DedicatedVideoMemory : 4212129792 bytes
[2023.07.07-14.14.22:929][  0]LogD3D11RHI:     DedicatedSystemMemory : 0 bytes
[2023.07.07-14.14.22:929][  0]LogD3D11RHI:     SharedSystemMemory : 8564367360 bytes
[2023.07.07-14.14.22:929][  0]LogD3D11RHI:     AdapterLuid : 0 54620
[2023.07.07-14.14.23:032][  0]LogD3D11RHI: RHI has support for 64 bit atomics
[2023.07.07-14.14.23:032][  0]LogD3D11RHI: Async texture creation enabled
[2023.07.07-14.14.23:032][  0]LogD3D11RHI: Array index from any shader is supported
[2023.07.07-14.14.23:209][  0]LogD3D11RHI: GPU Timing Frequency: 1000.000000 (Debug: 2 1)
[2023.07.07-14.14.23:229][  0]LogRHI: GeForceNow SDK initialized: 1
[2023.07.07-14.14.23:556][  0]LogTargetPlatformManager: Display: Loaded TargetPlatform 'AllDesktop'
[2023.07.07-14.14.23:583][  0]LogTargetPlatformManager: Display: Loaded TargetPlatform 'Android'
[2023.07.07-14.14.23:583][  0]LogTargetPlatformManager: Display: Loaded TargetPlatform 'Android_ASTC'
[2023.07.07-14.14.23:583][  0]LogTargetPlatformManager: Display: Loaded TargetPlatform 'Android_DXT'
[2023.07.07-14.14.23:583][  0]LogTargetPlatformManager: Display: Loaded TargetPlatform 'Android_ETC2'
[2023.07.07-14.14.23:583][  0]LogTargetPlatformManager: Display: Loaded TargetPlatform 'AndroidClient'
[2023.07.07-14.14.23:583][  0]LogTargetPlatformManager: Display: Loaded TargetPlatform 'Android_ASTCClient'
[2023.07.07-14.14.23:583][  0]LogTargetPlatformManager: Display: Loaded TargetPlatform 'Android_DXTClient'
[2023.07.07-14.14.23:583][  0]LogTargetPlatformManager: Display: Loaded TargetPlatform 'Android_ETC2Client'
[2023.07.07-14.14.23:583][  0]LogTargetPlatformManager: Display: Loaded TargetPlatform 'Android_Multi'
[2023.07.07-14.14.23:583][  0]LogTargetPlatformManager: Display: Loaded TargetPlatform 'Android_MultiClient'
[2023.07.07-14.14.23:605][  0]LogTargetPlatformManager: Display: Loaded TargetPlatform 'IOSClient'
[2023.07.07-14.14.23:605][  0]LogTargetPlatformManager: Display: Loaded TargetPlatform 'IOS'
[2023.07.07-14.14.23:617][  0]LogTargetPlatformManager: Display: Loaded TargetPlatform 'Linux'
[2023.07.07-14.14.23:623][  0]LogTargetPlatformManager: Display: Loaded TargetPlatform 'LinuxNoEditor'
[2023.07.07-14.14.23:629][  0]LogTargetPlatformManager: Display: Loaded TargetPlatform 'LinuxClient'
[2023.07.07-14.14.23:634][  0]LogTargetPlatformManager: Display: Loaded TargetPlatform 'LinuxServer'
[2023.07.07-14.14.23:646][  0]LogTargetPlatformManager: Display: Loaded TargetPlatform 'LinuxAArch64NoEditor'
[2023.07.07-14.14.23:651][  0]LogTargetPlatformManager: Display: Loaded TargetPlatform 'LinuxAArch64Client'
[2023.07.07-14.14.23:656][  0]LogTargetPlatformManager: Display: Loaded TargetPlatform 'LinuxAArch64Server'
[2023.07.07-14.14.23:685][  0]LogTargetPlatformManager: Display: Loaded TargetPlatform 'Lumin'
[2023.07.07-14.14.23:685][  0]LogTargetPlatformManager: Display: Loaded TargetPlatform 'LuminClient'
[2023.07.07-14.14.23:695][  0]LogTargetPlatformManager: Display: Loaded TargetPlatform 'MacNoEditor'
[2023.07.07-14.14.23:700][  0]LogTargetPlatformManager: Display: Loaded TargetPlatform 'Mac'
[2023.07.07-14.14.23:705][  0]LogTargetPlatformManager: Display: Loaded TargetPlatform 'MacClient'
[2023.07.07-14.14.23:710][  0]LogTargetPlatformManager: Display: Loaded TargetPlatform 'MacServer'
[2023.07.07-14.14.23:722][  0]LogTargetPlatformManager: Display: Loaded TargetPlatform 'TVOSClient'
[2023.07.07-14.14.23:722][  0]LogTargetPlatformManager: Display: Loaded TargetPlatform 'TVOS'
[2023.07.07-14.14.23:732][  0]LogTargetPlatformManager: Display: Loaded TargetPlatform 'WindowsNoEditor'
[2023.07.07-14.14.23:737][  0]LogTargetPlatformManager: Display: Loaded TargetPlatform 'Windows'
[2023.07.07-14.14.23:742][  0]LogTargetPlatformManager: Display: Loaded TargetPlatform 'WindowsClient'
[2023.07.07-14.14.23:747][  0]LogTargetPlatformManager: Display: Loaded TargetPlatform 'WindowsServer'
[2023.07.07-14.14.23:747][  0]LogTargetPlatformManager: Display: Building Assets For Windows
[2023.07.07-14.14.23:755][  0]LogAudioDebug: Display: Lib vorbis DLL was dynamically loaded.
[2023.07.07-14.14.23:791][  0]LogTextureFormatOodle: Display: Oodle Texture 2.9.0 init RDO Off
[2023.07.07-14.14.23:825][  0]LogRendererCore: Ray tracing is disabled. Reason: r.RayTracing=0.
[2023.07.07-14.14.23:825][  0]LogShaderCompilers: Guid format shader working directory is -16 characters bigger than the processId version (../../../../../../Users/RayanEreteo/Documents/Unreal Projects/Horror/Intermediate/Shaders/WorkingDirectory/6980/).
[2023.07.07-14.14.23:825][  0]LogShaderCompilers: Cleaned the shader compiler working directory 'C:/Users/RayanEreteo/AppData/Local/Temp/UnrealShaderWorkingDir/17ABF5684FD65E3F5AAD4792C2BAD3D4/'.
[2023.07.07-14.14.23:826][  0]LogXGEController: Cannot use XGE Controller as Incredibuild is not installed on this machine.
[2023.07.07-14.14.23:826][  0]LogShaderCompilers: Cannot use XGE Shader Compiler as Incredibuild is not installed on this machine.
[2023.07.07-14.14.23:826][  0]LogShaderCompilers: Display: Using Local Shader Compiler.
[2023.07.07-14.14.24:681][  0]LogDerivedDataCache: Display: Max Cache Size: 512 MB
[2023.07.07-14.14.24:745][  0]LogDerivedDataCache: Loaded boot cache 0.06s 96MB C:/Users/RayanEreteo/AppData/Local/UnrealEngine/4.27/DerivedDataCache/Boot.ddc.
[2023.07.07-14.14.24:745][  0]LogDerivedDataCache: Display: Loaded Boot cache: C:/Users/RayanEreteo/AppData/Local/UnrealEngine/4.27/DerivedDataCache/Boot.ddc
[2023.07.07-14.14.24:745][  0]LogDerivedDataCache: FDerivedDataBackendGraph:  Pak pak cache file ../../../../../../Users/RayanEreteo/Documents/Unreal Projects/Horror/DerivedDataCache/DDC.ddp not found, will not use a pak cache.
[2023.07.07-14.14.24:745][  0]LogDerivedDataCache: Unable to find inner node Pak for hierarchical cache Hierarchy.
[2023.07.07-14.14.24:745][  0]LogDerivedDataCache: FDerivedDataBackendGraph:  CompressedPak pak cache file ../../../../../../Users/RayanEreteo/Documents/Unreal Projects/Horror/DerivedDataCache/Compressed.ddp not found, will not use a pak cache.
[2023.07.07-14.14.24:745][  0]LogDerivedDataCache: Unable to find inner node CompressedPak for hierarchical cache Hierarchy.
[2023.07.07-14.14.24:765][  0]LogDerivedDataCache: Display: Pak cache opened for reading ../../../Engine/DerivedDataCache/Compressed.ddp.
[2023.07.07-14.14.24:765][  0]LogDerivedDataCache: FDerivedDataBackendGraph:  EnterprisePak pak cache file ../../../Enterprise/DerivedDataCache/Compressed.ddp not found, will not use a pak cache.
[2023.07.07-14.14.24:765][  0]LogDerivedDataCache: Unable to find inner node EnterprisePak for hierarchical cache Hierarchy.
[2023.07.07-14.14.24:776][  0]LogDerivedDataCache: Speed tests for C:/Users/RayanEreteo/AppData/Local/UnrealEngine/Common/DerivedDataCache took 0.01 seconds
[2023.07.07-14.14.24:776][  0]LogDerivedDataCache: Display: Performance to C:/Users/RayanEreteo/AppData/Local/UnrealEngine/Common/DerivedDataCache: Latency=0.04ms. RandomReadSpeed=665.63MBs, RandomWriteSpeed=101.16MBs. Assigned SpeedClass 'Local'
[2023.07.07-14.14.24:778][  0]LogDerivedDataCache: Using Local data cache path C:/Users/RayanEreteo/AppData/Local/UnrealEngine/Common/DerivedDataCache: Writable
[2023.07.07-14.14.24:778][  0]LogDerivedDataCache: Shared data cache path not found in *engine.ini, will not use an Shared cache.
[2023.07.07-14.14.24:778][  0]LogDerivedDataCache: Unable to find inner node Shared for hierarchical cache Hierarchy.
[2023.07.07-14.14.24:835][  0]LogSlate: Using FreeType 2.10.0
[2023.07.07-14.14.24:836][  0]LogSlate: SlateFontServices - WITH_FREETYPE: 1, WITH_HARFBUZZ: 1
[2023.07.07-14.14.24:864][  0]LogAssetRegistry: FAssetRegistry took 0.0032 seconds to start up
[2023.07.07-14.14.25:133][  0]LogInit: Selected Device Profile: [Windows]
[2023.07.07-14.14.25:133][  0]LogInit: Active device profile: [00000193707BCF00][00000193649D2A00 49] Windows
[2023.07.07-14.14.25:133][  0]LogInit: Profiles: [00000193707BCF00][00000193649D2A00 49] Windows, [0000019370782400][00000193699D4B40 49] WindowsNoEditor, [00000193707BDF00][000001936FF0ECC0 49] WindowsServer, [0000019370781600][000001936FF12E40 49] WindowsClient, [00000193707BD000][000001936FF16FC0 49] IOS, [0000019370783A00][000001936FF1B140 49] iPadAir, [00000193707BF300][000001936FF1F2C0 49] iPadAir2, [000001937071D300][000001936FF27580 49] IPadPro, [000001937071D400][000001936FF235C0 49] iPadAir3, [0000019370780B00][000001936FF2B740 49] iPadAir4, [000001937071E100][000001936FF2F8C0 49] iPadMini2, [0000019370783400][000001936FF33A40 49] iPadMini3, [000001937071EC00][000001936FF37BC0 49] iPadMini4, [0000019370782700][000001936FF3A1C0 49] iPadMini5, [0000019370740E00][000001936FF42480 49] iPhone6, [0000019370740F00][000001936FF3E4C0 49] iPodTouch6, [00000193707BE800][000001936FF4A780 49] iPhone7, [00000193707BE900][000001936FF467C0 49] iPodTouch7, [000001937071CC00][000001936FF4E940 49] iPhone5S, [00000193707BD300][000001936FF0AA80 49] iPhone6Plus, [000001937071EA00][000001936FF52BC0 49] iPhone6S, [00000193707BED00][000001936FF56D00 49] iPhone6SPlus, [0000019370740100][000001936FF5EE80 49] iPhone7Plus, [000001937071DD00][000001936FF63000 49] iPhoneSE, [0000019370740C00][000001936FF67180 49] iPhone8, [000001937071C400][000001936FF6B300 49] iPhone8Plus, [0000019370742A00][000001936FF6F480 49] iPhoneX, [000001937071FC00][000001936FF73600 49] iPhoneXS, [0000019370742900][000001936FF77780 49] iPhoneXSMax, [000001937071CB00][000001936FF7B900 49] iPhoneXR, [00000193707BF800][000001936981DA80 49] iPhone11, [000001937071FD00][0000019369821C00 49] iPhone11Pro, [00000193707BDC00][0000019369824200 49] iPhone11ProMax, [000001937071D100][0000019369828380 49] iPhoneSE2, [00000193707BD200][000001936982C500 49] iPhone12Mini, [000001937071F100][0000019369830680 49] iPhone12, [00000193707BC900][0000019369834800 49] iPhone12Pro, [000001937071CD00][0000019369838980 49] iPhone12ProMax, [00000193707BFC00][000001936983CB00 49] iPadPro105, [000001937071F700][000001936FF5AC40 49] iPadPro129, [00000193707BF000][0000019369840D80 49] iPadPro97, [000001937071CF00][0000019369844EC0 49] iPadPro2_129, [00000193707BCC00][000001936984D040 49] iPad5, [000001937071FB00][00000193698511C0 49] iPad6, [00000193707BC400][0000019369855340 49] iPad7, [000001937071FE00][00000193698594C0 49] iPad8, [00000193707BDB00][000001936985D640 49] iPadPro11, [000001937071E400][00000193698617C0 49] iPadPro2_11, [00000193707BC800][0000019369865940 49] iPadPro3_129, [000001937071E800][0000019369869AC0 49] iPadPro4_129, [00000193707BEF00][000001936986C0C0 49] AppleTV, [000001937071D200][0000019369870240 49] AppleTV4K, [00000193707BD700][00000193698743C0 49] TVOS, [000001937071F600][0000019369878540 49] Mac, [00000193707BFA00][000001936987C6C0 49] MacClient, [000001937071E500][0000019369880840 49] MacNoEditor, [00000193707BC500][00000193698849C0 49] MacServer, [000001937071E000][0000019369888B40 49] Linux, [00000193707BFB00][000001936988CCC0 49] LinuxAArch64, [000001937071C300][0000019369848E00 49] LinuxNoEditor, [00000193707BF700][0000019369890F40 49] LinuxAArch64NoEditor, [000001937071E600][000001937103F080 49] LinuxClient, [00000193707BE600][00000193710431C0 49] LinuxAArch64Client, [000001937071DA00][000001937104B340 49] LinuxServer, [00000193707BC200][000001937104F4C0 49] LinuxAArch64Server, [000001937071D600][0000019371053640 49] Android, [00000193707BE100][00000193710577C0 49] Android_Low, [000001937071F800][000001937105B940 49] Android_Mid, [00000193707BC600][000001937105FAC0 49] Android_High, [000001937071E300][00000193710620C0 49] Android_Default, [00000193707BE300][0000019371066240 49] Android_Adreno4xx, [000001937071F000][000001937106A3C0 49] Android_Adreno5xx_Low, [00000193707BEA00][000001937106E540 49] Android_Adreno5xx, [000001937071C100][00000193710726C0 49] Android_Adreno6xx, [00000193707BCB00][0000019371076840 49] Android_Adreno6xx_Vulkan, [000001937071CA00][000001937107A9C0 49] Android_Mali_T6xx, [00000193707BC700][000001937107EB40 49] Android_Mali_T7xx, [0000019370781A00][0000019371082CC0 49] Android_Mali_T8xx, [0000019370740300][0000019371086E40 49] Android_Mali_G71, [0000019370780600][0000019371046F80 49] Android_Mali_G72, [0000019370741200][000001937108B0C0 49] Android_Mali_G72_Vulkan, [0000019370783E00][000001937108F200 49] Android_Mali_G76, [0000019370740700][0000019371093340 49] Android_Mali_G76_Vulkan, [0000019370783D00][000001937109B4C0 49] Android_Mali_G77, [0000019370743B00][000001937109F640 49] Android_Mali_G77_Vulkan, [0000019370781B00][00000193710A37C0 49] Android_Mali_G78, [0000019370743100][00000193710A7940 49] Android_Mali_G78_Vulkan, [0000019370783900][00000193710ABAC0 49] Android_Mali_G710, [0000019370742C00][00000193710AE0C0 49] Android_Mali_G710_Vulkan, [0000019370783600][00000193710B2240 49] Android_Vulkan_SM5, [0000019370743800][00000193710B63C0 49] Android_PowerVR_G6xxx, [0000019370781900][00000193710BA540 49] Android_PowerVR_GT7xxx, [0000019370741D00][00000193710BE6C0 49] Android_PowerVR_GE8xxx, [0000019370782D00][00000193710C2840 49] Android_PowerVR_GM9xxx, [0000019370740800][00000193710C69C0 49] Android_PowerVR_GM9xxx_Vulkan, [0000019370781C00][00000193710CAB40 49] Android_TegraK1, [0000019370741000][00000193710CECC0 49] Android_Unknown_Vulkan, [0000019370782300][00000193710D2E40 49] Lumin, [0000019370743E00][00000193710D6FC0 49] Lumin_Desktop, [0000019370782B00][00000193710DB140 49] HoloLens, 
[2023.07.07-14.14.25:265][  0]LogMeshReduction: Using QuadricMeshReduction for automatic static mesh reduction
[2023.07.07-14.14.25:265][  0]LogMeshReduction: Using SimplygonMeshReduction for automatic skeletal mesh reduction
[2023.07.07-14.14.25:265][  0]LogMeshReduction: Using ProxyLODMeshReduction for automatic mesh merging
[2023.07.07-14.14.25:265][  0]LogMeshReduction: No distributed automatic mesh merging module available
[2023.07.07-14.14.25:265][  0]LogMeshMerging: No distributed automatic mesh merging module available
[2023.07.07-14.14.25:282][  0]LogNetVersion: Horror 1.0.0, NetCL: 17155196, EngineNetVer: 17, GameNetVer: 0 (Checksum: 4237270972)
[2023.07.07-14.14.25:699][  0]LogTexture: Default maximum texture size for cubemaps generated from long-lat sources has been changed from 512 to unlimited. In order to preserve old behaiour for '/Engine/MapTemplates/Sky/DaylightAmbientCubemap.DaylightAmbientCubemap', its maximum texture size has been explicitly set to 512.
[2023.07.07-14.14.25:761][  0]LogHMD: PokeAHoleMaterial loaded successfully
[2023.07.07-14.14.25:768][  0]LogUObjectArray: 17178 objects as part of root set at end of initial load.
[2023.07.07-14.14.25:768][  0]LogUObjectAllocator: 4302048 out of 0 bytes used by permanent object pool.
[2023.07.07-14.14.25:768][  0]LogUObjectArray: CloseDisregardForGC: 0/0 objects in disregard for GC pool
[2023.07.07-14.14.26:286][  0]LogNiagaraDebuggerClient: Niagara Debugger Client Initialized | Session: F3945C7D4C0003F3EB0B7396BBD2E9A2 | Instance: 881828A6405D98A589325BB64A3AF914 (DESKTOP-47OQRJ2-6980).
[2023.07.07-14.14.26:416][  0]LogPython: Using Python 3.7.7
[2023.07.07-14.14.26:994][  0]LogUdpMessaging: Initializing bridge on interface 0.0.0.0:0 to multicast group 230.0.0.1:6666.
[2023.07.07-14.14.27:001][  0]LogTcpMessaging: Initializing TcpMessaging bridge
[2023.07.07-14.14.27:187][  0]SourceControl: Source control is disabled
[2023.07.07-14.14.31:502][  0]LogUProjectInfo: Found projects:
[2023.07.07-14.14.31:508][  0]LogVSAccessor: Display: Unable to create Visual Studio setup instance: 80040154
[2023.07.07-14.14.31:509][  0]LogVSAccessor: Display: Unable to create Visual Studio setup instance: 80040154
[2023.07.07-14.14.31:510][  0]LogVSAccessor: Display: Unable to create Visual Studio setup instance: 80040154
[2023.07.07-14.14.31:685][  0]LogOpenImageDenoise: OIDN starting up
[2023.07.07-14.14.31:720][  0]LogAndroidPermission: UAndroidPermissionCallbackProxy::GetInstance
[2023.07.07-14.14.31:745][  0]LogAudioCaptureCore: Display: No Audio Capture implementations found. Audio input will be silent.
[2023.07.07-14.14.31:745][  0]LogAudioCaptureCore: Display: No Audio Capture implementations found. Audio input will be silent.
[2023.07.07-14.14.31:923][  0]LogCollectionManager: Loaded 0 collections in 0.042915 seconds
[2023.07.07-14.14.31:951][  0]LogFileCache: Scanning file cache for directory 'C:/Users/RayanEreteo/Documents/Unreal Projects/Horror/Saved/Collections/' took 0.00s
[2023.07.07-14.14.31:951][  0]LogFileCache: Scanning file cache for directory 'C:/Users/RayanEreteo/Documents/Unreal Projects/Horror/Content/Developers/RayanEreteo/Collections/' took 0.00s
[2023.07.07-14.14.31:951][  0]LogFileCache: Scanning file cache for directory 'C:/Users/RayanEreteo/Documents/Unreal Projects/Horror/Content/Collections/' took 0.00s
[2023.07.07-14.14.31:951][  0]LogOcInput: OculusInput pre-init called
[2023.07.07-14.14.32:201][  0]LogEngine: Initializing Engine...
[2023.07.07-14.14.32:267][  0]LogHMD: Failed to initialize OpenVR with code 108
[2023.07.07-14.14.33:412][  0]LogHMD: Optional extension XR_VARJO_quad_views is not available
[2023.07.07-14.14.33:510][  0]LogHMD: Warning: Required extension XR_EXT_eye_gaze_interaction is not available
[2023.07.07-14.14.33:510][  0]LogHMD: Could not enable all required OpenXR extensions for OpenXREyeTracker on current system. This plugin will be loaded but ignored, but will be enabled on a target platform that supports the required extension.
[2023.07.07-14.14.33:756][  0]LogHMD: Failed to create an OpenXR instance, result is XR_ERROR_RUNTIME_FAILURE. Please check if you have an OpenXR runtime installed. The following extensions were enabled:
[2023.07.07-14.14.33:756][  0]LogHMD: - XR_KHR_D3D11_enable
[2023.07.07-14.14.33:756][  0]LogHMD: - XR_KHR_D3D12_enable
[2023.07.07-14.14.33:756][  0]LogHMD: - XR_KHR_opengl_enable
[2023.07.07-14.14.33:756][  0]LogHMD: - XR_KHR_vulkan_enable
[2023.07.07-14.14.33:756][  0]LogHMD: - XR_KHR_composition_layer_depth
[2023.07.07-14.14.33:756][  0]LogHMD: - XR_KHR_visibility_mask
[2023.07.07-14.14.33:756][  0]LogHMD: - XR_EXT_hand_tracking
[2023.07.07-14.14.33:771][  0]LogMagicLeap: Warning: VR disabled because ZI is not enabled.  To enable, in the editor, Edit -> Project Settings -> Plugins -> Magic Leap Plugin -> Enable Zero Iteration
[2023.07.07-14.14.33:772][  0]LogStats: UGameplayTagsManager::InitializeManager -  0.000 s
[2023.07.07-14.14.33:910][  0]LogInit: Initializing FReadOnlyCVARCache
[2023.07.07-14.14.33:918][  0]LogAIModule: Creating AISystem for world Untitled
[2023.07.07-14.14.33:919][  0]LogAudio: Display: Initializing Audio Device Manager...
[2023.07.07-14.14.33:923][  0]LogAudio: Display: Loading Default Audio Settings Objects...
[2023.07.07-14.14.33:923][  0]LogAudio: Display: No default SoundConcurrencyObject specified (or failed to load).
[2023.07.07-14.14.33:924][  0]LogAudio: Display: Audio Device Manager Initialized
[2023.07.07-14.14.33:924][  0]LogAudio: Display: Creating Audio Device:                 Id: 1, Scope: Shared, Realtime: True
[2023.07.07-14.14.33:924][  0]LogAudioMixer: Display: Audio Mixer Platform Settings:
[2023.07.07-14.14.33:924][  0]LogAudioMixer: Display: 	Sample Rate:						  48000
[2023.07.07-14.14.33:924][  0]LogAudioMixer: Display: 	Callback Buffer Frame Size Requested: 1024
[2023.07.07-14.14.33:924][  0]LogAudioMixer: Display: 	Callback Buffer Frame Size To Use:	  1024
[2023.07.07-14.14.33:924][  0]LogAudioMixer: Display: 	Number of buffers to queue:			  2
[2023.07.07-14.14.33:924][  0]LogAudioMixer: Display: 	Max Channels (voices):				  32
[2023.07.07-14.14.33:924][  0]LogAudioMixer: Display: 	Number of Async Source Workers:		  0
[2023.07.07-14.14.33:924][  0]LogAudio: Display: AudioDevice MaxSources: 32
[2023.07.07-14.14.33:924][  0]LogAudio: Display: Audio Spatialization Plugin: None (built-in).
[2023.07.07-14.14.33:924][  0]LogAudio: Display: Audio Reverb Plugin: None (built-in).
[2023.07.07-14.14.33:924][  0]LogAudio: Display: Audio Occlusion Plugin: None (built-in).
[2023.07.07-14.14.33:924][  0]LogAudioMixer: Display: Initializing audio mixer.
[2023.07.07-14.14.33:936][  0]LogAudioMixer: Display: 0: FrontLeft
[2023.07.07-14.14.33:936][  0]LogAudioMixer: Display: 1: FrontRight
[2023.07.07-14.14.33:977][  0]LogAudioMixer: Display: Using Audio Device Realtek HD Audio 2nd output (Realtek(R) Audio)
[2023.07.07-14.14.33:979][  0]LogAudioMixer: Display: Initializing Sound Submixes...
[2023.07.07-14.14.33:981][  0]LogAudioMixer: Display: Creating Master Submix 'MasterSubmixDefault'
[2023.07.07-14.14.33:981][  0]LogAudioMixer: Display: Creating Master Submix 'MasterReverbSubmixDefault'
[2023.07.07-14.14.33:982][  0]LogAudioMixer: Display: Creating Master Submix 'MasterEQSubmixDefault'
[2023.07.07-14.14.33:982][  0]LogAudioMixer: FMixerPlatformXAudio2::StartAudioStream() called
[2023.07.07-14.14.33:982][  0]LogAudioMixer: Display: Output buffers initialized: Frames=1024, Channels=2, Samples=2048
[2023.07.07-14.14.33:983][  0]LogAudioMixer: Display: Starting AudioMixerPlatformInterface::RunInternal()
[2023.07.07-14.14.33:983][  0]LogAudioMixer: Display: FMixerPlatformXAudio2::SubmitBuffer() called for the first time
[2023.07.07-14.14.33:983][  0]LogInit: FAudioDevice initialized.
[2023.07.07-14.14.33:984][  0]LogAudio: Display: Audio Device (ID: 1) registered with world 'Untitled'.
[2023.07.07-14.14.33:984][  0]LogNetVersion: Set ProjectVersion to 1.0.0.0. Version Checksum will be recalculated on next use.
[2023.07.07-14.14.36:372][  0]LogDerivedDataCache: Saved boot cache 2.39s 96MB C:/Users/RayanEreteo/AppData/Local/UnrealEngine/4.27/DerivedDataCache/Boot.ddc.
[2023.07.07-14.14.36:372][  0]LogInit: Texture streaming: Enabled
[2023.07.07-14.14.36:386][  0]LogAnalytics: Display: [UEEditor.Rocket.Release] APIServer = https://datarouter.ol.epicgames.com/. AppVersion = 4.27.2-18319896+++UE4+Release-4.27
[2023.07.07-14.14.36:390][  0]LogEngineSessionManager: EngineSessionManager initialized
[2023.07.07-14.14.36:390][  0]LogEditorSessionSummary: Verbose: Initializing EditorSessionSummaryWriter for editor session tracking
[2023.07.07-14.14.36:392][  0]LogEditorSessionSummary: EditorSessionSummaryWriter initialized
[2023.07.07-14.14.36:422][  0]LogInit: Transaction tracking system initialized
[2023.07.07-14.14.36:445][  0]BlueprintLog: New page: Editor Load
[2023.07.07-14.14.36:681][  0]LocalizationService: Localization service is disabled
[2023.07.07-14.14.37:147][  0]TimingProfiler: Initialize
[2023.07.07-14.14.37:148][  0]TimingProfiler: OnSessionChanged
[2023.07.07-14.14.37:148][  0]LoadingProfiler: Initialize
[2023.07.07-14.14.37:148][  0]LoadingProfiler: OnSessionChanged
[2023.07.07-14.14.37:148][  0]NetworkingProfiler: Initialize
[2023.07.07-14.14.37:148][  0]NetworkingProfiler: OnSessionChanged
[2023.07.07-14.14.37:148][  0]MemoryProfiler: Initialize
[2023.07.07-14.14.37:148][  0]MemoryProfiler: OnSessionChanged
[2023.07.07-14.14.37:214][  0]LogVSAccessor: Display: Unable to create Visual Studio setup instance: 80040154
[2023.07.07-14.14.37:215][  0]LogVSAccessor: Display: Unable to create Visual Studio setup instance: 80040154
[2023.07.07-14.14.37:216][  0]LogVSAccessor: Display: Unable to create Visual Studio setup instance: 80040154
[2023.07.07-14.14.37:968][  0]LogCook: Display: CookSettings for Memory: MemoryMaxUsedVirtual 0MiB, MemoryMaxUsedPhysical 16384MiB, MemoryMinFreeVirtual 0MiB, MemoryMinFreePhysical 1024MiB
[2023.07.07-14.14.37:968][  0]LogCook: Display: Mobile HDR setting 1
[2023.07.07-14.14.38:169][  0]LogFileCache: Scanning file cache for directory 'C:/Users/RayanEreteo/Documents/Unreal Projects/Horror/Content/' took 0.02s
[2023.07.07-14.14.38:349][  0]LogInit: Display: Engine is initialized. Leaving FEngineLoop::Init()
[2023.07.07-14.14.38:353][  0]LogUnrealEdMisc: Loading editor; pre map load, took 19.894
[2023.07.07-14.14.38:353][  0]Cmd: MAP LOAD FILE="../../../../../../Users/RayanEreteo/Documents/Unreal Projects/Horror/Content/FirstPersonBP/Maps/FirstPersonExampleMap.umap" TEMPLATE=0 SHOWPROGRESS=1 FEATURELEVEL=3
[2023.07.07-14.14.38:703][  0]LightingResults: New page: Lighting Build
[2023.07.07-14.14.38:705][  0]LogWorld: UWorld::CleanupWorld for Untitled, bSessionEnded=true, bCleanupResources=true
[2023.07.07-14.14.38:705][  0]LogSlate: InvalidateAllWidgets triggered.  All widgets were invalidated
[2023.07.07-14.14.38:705][  0]MapCheck: New page: Map Check
[2023.07.07-14.14.38:705][  0]LightingResults: New page: Lighting Build
[2023.07.07-14.14.38:710][  0]LogAudio: Display: Audio Device unregistered from world 'None'.
[2023.07.07-14.14.38:713][  0]LogUObjectHash: Compacting FUObjectHashTables data took   0.93ms
[2023.07.07-14.14.52:383][  0]LogAudio: Display: Audio Device (ID: 1) registered with world 'FirstPersonExampleMap'.
[2023.07.07-14.14.52:384][  0]LogAIModule: Creating AISystem for world FirstPersonExampleMap
[2023.07.07-14.14.52:474][  0]LogEditorServer: Finished looking for orphan Actors (0.000 secs)
[2023.07.07-14.14.52:491][  0]LogUObjectHash: Compacting FUObjectHashTables data took   1.02ms
[2023.07.07-14.14.52:491][  0]Cmd: MAP CHECKDEP NOCLEARLOG
[2023.07.07-14.14.52:491][  0]MapCheck: Map check complete: 0 Error(s), 0 Warning(s), took 0,204ms to complete.
[2023.07.07-14.14.52:491][  0]LogFileHelpers: Loading map 'FirstPersonExampleMap' took 14.139
[2023.07.07-14.14.52:493][  0]LogUnrealEdMisc: Total Editor Startup Time, took 34.035
[2023.07.07-14.14.53:362][  0]LogSlate: Updating window title bar state: overlay mode, drag disabled, window buttons hidden, title bar hidden
[2023.07.07-14.14.53:399][  0]LogSlate: Updating window title bar state: overlay mode, drag disabled, window buttons hidden, title bar hidden
[2023.07.07-14.14.53:406][  0]LogSlate: Updating window title bar state: overlay mode, drag disabled, window buttons hidden, title bar hidden
[2023.07.07-14.14.53:412][  0]LogSlate: Updating window title bar state: overlay mode, drag disabled, window buttons hidden, title bar hidden
[2023.07.07-14.14.53:737][  0]LogNativeClassHierarchy: Verbose: Native class hierarchy populated in 0.0119 seconds. Added 3822 classes and 928 folders.
[2023.07.07-14.14.53:802][  0]LogNativeClassHierarchy: Verbose: Native class hierarchy updated for 'WidgetCarousel' in 0.0003 seconds. Added 0 classes and 0 folders.
[2023.07.07-14.14.54:124][  0]LogPakFile: PakFile PrimaryIndexSize=187
[2023.07.07-14.14.54:125][  0]LogPakFile: PakFile PathHashIndexSize=101
[2023.07.07-14.14.54:125][  0]LogPakFile: PakFile FullDirectoryIndexSize=148
[2023.07.07-14.14.54:125][  0]LogShaderLibrary: Display: ShaderCodeLibraryPakFileMountedCallback: PakFile 'C:/Program Files/Epic Games/UE_4.27/FeaturePacks/FP_FirstPerson.upack' (chunk index -1, root 'root:/') mounted
[2023.07.07-14.14.54:125][  0]LogShaderLibrary: Display: ShaderCodeLibraryPakFileMountedCallback: pending pak file info (ChunkID:-1 Root:root:/ File:C:/Program Files/Epic Games/UE_4.27/FeaturePacks/FP_FirstPerson.upack)
[2023.07.07-14.14.54:125][  0]LogPakFile: OnPakFileMounted2Time == 0.000067
[2023.07.07-14.14.54:217][  0]LogPakFile: PakFile PrimaryIndexSize=189
[2023.07.07-14.14.54:217][  0]LogPakFile: PakFile PathHashIndexSize=101
[2023.07.07-14.14.54:217][  0]LogPakFile: PakFile FullDirectoryIndexSize=152
[2023.07.07-14.14.54:217][  0]LogShaderLibrary: Display: ShaderCodeLibraryPakFileMountedCallback: PakFile 'C:/Program Files/Epic Games/UE_4.27/FeaturePacks/FP_FirstPersonBP.upack' (chunk index -1, root 'root:/') mounted
[2023.07.07-14.14.54:217][  0]LogShaderLibrary: Display: ShaderCodeLibraryPakFileMountedCallback: pending pak file info (ChunkID:-1 Root:root:/ File:C:/Program Files/Epic Games/UE_4.27/FeaturePacks/FP_FirstPersonBP.upack)
[2023.07.07-14.14.54:217][  0]LogPakFile: OnPakFileMounted2Time == 0.000053
[2023.07.07-14.14.54:363][  0]LogPakFile: PakFile PrimaryIndexSize=191
[2023.07.07-14.14.54:363][  0]LogPakFile: PakFile PathHashIndexSize=101
[2023.07.07-14.14.54:363][  0]LogPakFile: PakFile FullDirectoryIndexSize=160
[2023.07.07-14.14.54:363][  0]LogShaderLibrary: Display: ShaderCodeLibraryPakFileMountedCallback: PakFile 'C:/Program Files/Epic Games/UE_4.27/FeaturePacks/MobileStarterContent.upack' (chunk index -1, root 'root:/') mounted
[2023.07.07-14.14.54:363][  0]LogShaderLibrary: Display: ShaderCodeLibraryPakFileMountedCallback: pending pak file info (ChunkID:-1 Root:root:/ File:C:/Program Files/Epic Games/UE_4.27/FeaturePacks/MobileStarterContent.upack)
[2023.07.07-14.14.54:363][  0]LogPakFile: OnPakFileMounted2Time == 0.000067
[2023.07.07-14.14.54:422][  0]LogPakFile: PakFile PrimaryIndexSize=185
[2023.07.07-14.14.54:422][  0]LogPakFile: PakFile PathHashIndexSize=101
[2023.07.07-14.14.54:422][  0]LogPakFile: PakFile FullDirectoryIndexSize=148
[2023.07.07-14.14.54:422][  0]LogShaderLibrary: Display: ShaderCodeLibraryPakFileMountedCallback: PakFile 'C:/Program Files/Epic Games/UE_4.27/FeaturePacks/StarterContent.upack' (chunk index -1, root 'root:/') mounted
[2023.07.07-14.14.54:422][  0]LogShaderLibrary: Display: ShaderCodeLibraryPakFileMountedCallback: pending pak file info (ChunkID:-1 Root:root:/ File:C:/Program Files/Epic Games/UE_4.27/FeaturePacks/StarterContent.upack)
[2023.07.07-14.14.54:422][  0]LogPakFile: OnPakFileMounted2Time == 0.000050
[2023.07.07-14.14.54:509][  0]LogPakFile: PakFile PrimaryIndexSize=190
[2023.07.07-14.14.54:509][  0]LogPakFile: PakFile PathHashIndexSize=101
[2023.07.07-14.14.54:509][  0]LogPakFile: PakFile FullDirectoryIndexSize=154
[2023.07.07-14.14.54:509][  0]LogShaderLibrary: Display: ShaderCodeLibraryPakFileMountedCallback: PakFile 'C:/Program Files/Epic Games/UE_4.27/FeaturePacks/TP_2DSideScroller.upack' (chunk index -1, root 'root:/') mounted
[2023.07.07-14.14.54:509][  0]LogShaderLibrary: Display: ShaderCodeLibraryPakFileMountedCallback: pending pak file info (ChunkID:-1 Root:root:/ File:C:/Program Files/Epic Games/UE_4.27/FeaturePacks/TP_2DSideScroller.upack)
[2023.07.07-14.14.54:509][  0]LogPakFile: OnPakFileMounted2Time == 0.000045
[2023.07.07-14.14.54:554][  0]LogPakFile: PakFile PrimaryIndexSize=192
[2023.07.07-14.14.54:554][  0]LogPakFile: PakFile PathHashIndexSize=101
[2023.07.07-14.14.54:554][  0]LogPakFile: PakFile FullDirectoryIndexSize=158
[2023.07.07-14.14.54:554][  0]LogShaderLibrary: Display: ShaderCodeLibraryPakFileMountedCallback: PakFile 'C:/Program Files/Epic Games/UE_4.27/FeaturePacks/TP_2DSideScrollerBP.upack' (chunk index -1, root 'root:/') mounted
[2023.07.07-14.14.54:554][  0]LogShaderLibrary: Display: ShaderCodeLibraryPakFileMountedCallback: pending pak file info (ChunkID:-1 Root:root:/ File:C:/Program Files/Epic Games/UE_4.27/FeaturePacks/TP_2DSideScrollerBP.upack)
[2023.07.07-14.14.54:554][  0]LogPakFile: OnPakFileMounted2Time == 0.000046
[2023.07.07-14.14.54:620][  0]LogPakFile: PakFile PrimaryIndexSize=182
[2023.07.07-14.14.54:620][  0]LogPakFile: PakFile PathHashIndexSize=101
[2023.07.07-14.14.54:620][  0]LogPakFile: PakFile FullDirectoryIndexSize=138
[2023.07.07-14.14.54:620][  0]LogShaderLibrary: Display: ShaderCodeLibraryPakFileMountedCallback: PakFile 'C:/Program Files/Epic Games/UE_4.27/FeaturePacks/TP_Flying.upack' (chunk index -1, root 'root:/') mounted
[2023.07.07-14.14.54:620][  0]LogShaderLibrary: Display: ShaderCodeLibraryPakFileMountedCallback: pending pak file info (ChunkID:-1 Root:root:/ File:C:/Program Files/Epic Games/UE_4.27/FeaturePacks/TP_Flying.upack)
[2023.07.07-14.14.54:620][  0]LogPakFile: OnPakFileMounted2Time == 0.000046
[2023.07.07-14.14.54:634][  0]LogPakFile: PakFile PrimaryIndexSize=184
[2023.07.07-14.14.54:634][  0]LogPakFile: PakFile PathHashIndexSize=101
[2023.07.07-14.14.54:634][  0]LogPakFile: PakFile FullDirectoryIndexSize=142
[2023.07.07-14.14.54:634][  0]LogShaderLibrary: Display: ShaderCodeLibraryPakFileMountedCallback: PakFile 'C:/Program Files/Epic Games/UE_4.27/FeaturePacks/TP_FlyingBP.upack' (chunk index -1, root 'root:/') mounted
[2023.07.07-14.14.54:634][  0]LogShaderLibrary: Display: ShaderCodeLibraryPakFileMountedCallback: pending pak file info (ChunkID:-1 Root:root:/ File:C:/Program Files/Epic Games/UE_4.27/FeaturePacks/TP_FlyingBP.upack)
[2023.07.07-14.14.54:634][  0]LogPakFile: OnPakFileMounted2Time == 0.000047
[2023.07.07-14.14.54:666][  0]LogPakFile: PakFile PrimaryIndexSize=188
[2023.07.07-14.14.54:667][  0]LogPakFile: PakFile PathHashIndexSize=101
[2023.07.07-14.14.54:667][  0]LogPakFile: PakFile FullDirectoryIndexSize=150
[2023.07.07-14.14.54:667][  0]LogShaderLibrary: Display: ShaderCodeLibraryPakFileMountedCallback: PakFile 'C:/Program Files/Epic Games/UE_4.27/FeaturePacks/TP_HandheldARBP.upack' (chunk index -1, root 'root:/') mounted
[2023.07.07-14.14.54:667][  0]LogShaderLibrary: Display: ShaderCodeLibraryPakFileMountedCallback: pending pak file info (ChunkID:-1 Root:root:/ File:C:/Program Files/Epic Games/UE_4.27/FeaturePacks/TP_HandheldARBP.upack)
[2023.07.07-14.14.54:667][  0]LogPakFile: OnPakFileMounted2Time == 0.000045
[2023.07.07-14.14.54:752][  0]LogPakFile: PakFile PrimaryIndexSize=182
[2023.07.07-14.14.54:752][  0]LogPakFile: PakFile PathHashIndexSize=101
[2023.07.07-14.14.54:752][  0]LogPakFile: PakFile FullDirectoryIndexSize=138
[2023.07.07-14.14.54:752][  0]LogShaderLibrary: Display: ShaderCodeLibraryPakFileMountedCallback: PakFile 'C:/Program Files/Epic Games/UE_4.27/FeaturePacks/TP_Puzzle.upack' (chunk index -1, root 'root:/') mounted
[2023.07.07-14.14.54:752][  0]LogShaderLibrary: Display: ShaderCodeLibraryPakFileMountedCallback: pending pak file info (ChunkID:-1 Root:root:/ File:C:/Program Files/Epic Games/UE_4.27/FeaturePacks/TP_Puzzle.upack)
[2023.07.07-14.14.54:752][  0]LogPakFile: OnPakFileMounted2Time == 0.000050
[2023.07.07-14.14.54:815][  0]LogPakFile: PakFile PrimaryIndexSize=184
[2023.07.07-14.14.54:815][  0]LogPakFile: PakFile PathHashIndexSize=101
[2023.07.07-14.14.54:815][  0]LogPakFile: PakFile FullDirectoryIndexSize=142
[2023.07.07-14.14.54:815][  0]LogShaderLibrary: Display: ShaderCodeLibraryPakFileMountedCallback: PakFile 'C:/Program Files/Epic Games/UE_4.27/FeaturePacks/TP_PuzzleBP.upack' (chunk index -1, root 'root:/') mounted
[2023.07.07-14.14.54:815][  0]LogShaderLibrary: Display: ShaderCodeLibraryPakFileMountedCallback: pending pak file info (ChunkID:-1 Root:root:/ File:C:/Program Files/Epic Games/UE_4.27/FeaturePacks/TP_PuzzleBP.upack)
[2023.07.07-14.14.54:815][  0]LogPakFile: OnPakFileMounted2Time == 0.000045
[2023.07.07-14.14.54:872][  0]LogPakFile: PakFile PrimaryIndexSize=183
[2023.07.07-14.14.54:872][  0]LogPakFile: PakFile PathHashIndexSize=101
[2023.07.07-14.14.54:872][  0]LogPakFile: PakFile FullDirectoryIndexSize=140
[2023.07.07-14.14.54:872][  0]LogShaderLibrary: Display: ShaderCodeLibraryPakFileMountedCallback: PakFile 'C:/Program Files/Epic Games/UE_4.27/FeaturePacks/TP_Rolling.upack' (chunk index -1, root 'root:/') mounted
[2023.07.07-14.14.54:872][  0]LogShaderLibrary: Display: ShaderCodeLibraryPakFileMountedCallback: pending pak file info (ChunkID:-1 Root:root:/ File:C:/Program Files/Epic Games/UE_4.27/FeaturePacks/TP_Rolling.upack)
[2023.07.07-14.14.54:872][  0]LogPakFile: OnPakFileMounted2Time == 0.000054
[2023.07.07-14.14.54:921][  0]LogPakFile: PakFile PrimaryIndexSize=185
[2023.07.07-14.14.54:921][  0]LogPakFile: PakFile PathHashIndexSize=101
[2023.07.07-14.14.54:921][  0]LogPakFile: PakFile FullDirectoryIndexSize=144
[2023.07.07-14.14.54:921][  0]LogShaderLibrary: Display: ShaderCodeLibraryPakFileMountedCallback: PakFile 'C:/Program Files/Epic Games/UE_4.27/FeaturePacks/TP_RollingBP.upack' (chunk index -1, root 'root:/') mounted
[2023.07.07-14.14.54:921][  0]LogShaderLibrary: Display: ShaderCodeLibraryPakFileMountedCallback: pending pak file info (ChunkID:-1 Root:root:/ File:C:/Program Files/Epic Games/UE_4.27/FeaturePacks/TP_RollingBP.upack)
[2023.07.07-14.14.54:921][  0]LogPakFile: OnPakFileMounted2Time == 0.000051
[2023.07.07-14.14.55:040][  0]LogPakFile: PakFile PrimaryIndexSize=188
[2023.07.07-14.14.55:040][  0]LogPakFile: PakFile PathHashIndexSize=101
[2023.07.07-14.14.55:040][  0]LogPakFile: PakFile FullDirectoryIndexSize=150
[2023.07.07-14.14.55:040][  0]LogShaderLibrary: Display: ShaderCodeLibraryPakFileMountedCallback: PakFile 'C:/Program Files/Epic Games/UE_4.27/FeaturePacks/TP_SideScroller.upack' (chunk index -1, root 'root:/') mounted
[2023.07.07-14.14.55:040][  0]LogShaderLibrary: Display: ShaderCodeLibraryPakFileMountedCallback: pending pak file info (ChunkID:-1 Root:root:/ File:C:/Program Files/Epic Games/UE_4.27/FeaturePacks/TP_SideScroller.upack)
[2023.07.07-14.14.55:040][  0]LogPakFile: OnPakFileMounted2Time == 0.000047
[2023.07.07-14.14.55:088][  0]LogPakFile: PakFile PrimaryIndexSize=190
[2023.07.07-14.14.55:088][  0]LogPakFile: PakFile PathHashIndexSize=101
[2023.07.07-14.14.55:088][  0]LogPakFile: PakFile FullDirectoryIndexSize=154
[2023.07.07-14.14.55:088][  0]LogShaderLibrary: Display: ShaderCodeLibraryPakFileMountedCallback: PakFile 'C:/Program Files/Epic Games/UE_4.27/FeaturePacks/TP_SideScrollerBP.upack' (chunk index -1, root 'root:/') mounted
[2023.07.07-14.14.55:088][  0]LogShaderLibrary: Display: ShaderCodeLibraryPakFileMountedCallback: pending pak file info (ChunkID:-1 Root:root:/ File:C:/Program Files/Epic Games/UE_4.27/FeaturePacks/TP_SideScrollerBP.upack)
[2023.07.07-14.14.55:088][  0]LogPakFile: OnPakFileMounted2Time == 0.000048
[2023.07.07-14.14.55:111][  0]LogPakFile: PakFile PrimaryIndexSize=187
[2023.07.07-14.14.55:111][  0]LogPakFile: PakFile PathHashIndexSize=101
[2023.07.07-14.14.55:111][  0]LogPakFile: PakFile FullDirectoryIndexSize=148
[2023.07.07-14.14.55:111][  0]LogShaderLibrary: Display: ShaderCodeLibraryPakFileMountedCallback: PakFile 'C:/Program Files/Epic Games/UE_4.27/FeaturePacks/TP_ThirdPerson.upack' (chunk index -1, root 'root:/') mounted
[2023.07.07-14.14.55:111][  0]LogShaderLibrary: Display: ShaderCodeLibraryPakFileMountedCallback: pending pak file info (ChunkID:-1 Root:root:/ File:C:/Program Files/Epic Games/UE_4.27/FeaturePacks/TP_ThirdPerson.upack)
[2023.07.07-14.14.55:111][  0]LogPakFile: OnPakFileMounted2Time == 0.000048
[2023.07.07-14.14.55:124][  0]LogPakFile: PakFile PrimaryIndexSize=189
[2023.07.07-14.14.55:124][  0]LogPakFile: PakFile PathHashIndexSize=101
[2023.07.07-14.14.55:124][  0]LogPakFile: PakFile FullDirectoryIndexSize=152
[2023.07.07-14.14.55:124][  0]LogShaderLibrary: Display: ShaderCodeLibraryPakFileMountedCallback: PakFile 'C:/Program Files/Epic Games/UE_4.27/FeaturePacks/TP_ThirdPersonBP.upack' (chunk index -1, root 'root:/') mounted
[2023.07.07-14.14.55:124][  0]LogShaderLibrary: Display: ShaderCodeLibraryPakFileMountedCallback: pending pak file info (ChunkID:-1 Root:root:/ File:C:/Program Files/Epic Games/UE_4.27/FeaturePacks/TP_ThirdPersonBP.upack)
[2023.07.07-14.14.55:124][  0]LogPakFile: OnPakFileMounted2Time == 0.000054
[2023.07.07-14.14.55:169][  0]LogPakFile: PakFile PrimaryIndexSize=183
[2023.07.07-14.14.55:169][  0]LogPakFile: PakFile PathHashIndexSize=101
[2023.07.07-14.14.55:169][  0]LogPakFile: PakFile FullDirectoryIndexSize=140
[2023.07.07-14.14.55:169][  0]LogShaderLibrary: Display: ShaderCodeLibraryPakFileMountedCallback: PakFile 'C:/Program Files/Epic Games/UE_4.27/FeaturePacks/TP_TopDown.upack' (chunk index -1, root 'root:/') mounted
[2023.07.07-14.14.55:169][  0]LogShaderLibrary: Display: ShaderCodeLibraryPakFileMountedCallback: pending pak file info (ChunkID:-1 Root:root:/ File:C:/Program Files/Epic Games/UE_4.27/FeaturePacks/TP_TopDown.upack)
[2023.07.07-14.14.55:169][  0]LogPakFile: OnPakFileMounted2Time == 0.000058
[2023.07.07-14.14.55:306][  0]LogPakFile: PakFile PrimaryIndexSize=185
[2023.07.07-14.14.55:306][  0]LogPakFile: PakFile PathHashIndexSize=101
[2023.07.07-14.14.55:306][  0]LogPakFile: PakFile FullDirectoryIndexSize=144
[2023.07.07-14.14.55:306][  0]LogShaderLibrary: Display: ShaderCodeLibraryPakFileMountedCallback: PakFile 'C:/Program Files/Epic Games/UE_4.27/FeaturePacks/TP_TopDownBP.upack' (chunk index -1, root 'root:/') mounted
[2023.07.07-14.14.55:306][  0]LogShaderLibrary: Display: ShaderCodeLibraryPakFileMountedCallback: pending pak file info (ChunkID:-1 Root:root:/ File:C:/Program Files/Epic Games/UE_4.27/FeaturePacks/TP_TopDownBP.upack)
[2023.07.07-14.14.55:306][  0]LogPakFile: OnPakFileMounted2Time == 0.000050
[2023.07.07-14.14.55:453][  0]LogPakFile: PakFile PrimaryIndexSize=185
[2023.07.07-14.14.55:453][  0]LogPakFile: PakFile PathHashIndexSize=101
[2023.07.07-14.14.55:453][  0]LogPakFile: PakFile FullDirectoryIndexSize=144
[2023.07.07-14.14.55:453][  0]LogShaderLibrary: Display: ShaderCodeLibraryPakFileMountedCallback: PakFile 'C:/Program Files/Epic Games/UE_4.27/FeaturePacks/TP_TwinStick.upack' (chunk index -1, root 'root:/') mounted
[2023.07.07-14.14.55:453][  0]LogShaderLibrary: Display: ShaderCodeLibraryPakFileMountedCallback: pending pak file info (ChunkID:-1 Root:root:/ File:C:/Program Files/Epic Games/UE_4.27/FeaturePacks/TP_TwinStick.upack)
[2023.07.07-14.14.55:453][  0]LogPakFile: OnPakFileMounted2Time == 0.000066
[2023.07.07-14.14.55:469][  0]LogPakFile: PakFile PrimaryIndexSize=187
[2023.07.07-14.14.55:469][  0]LogPakFile: PakFile PathHashIndexSize=101
[2023.07.07-14.14.55:469][  0]LogPakFile: PakFile FullDirectoryIndexSize=148
[2023.07.07-14.14.55:469][  0]LogShaderLibrary: Display: ShaderCodeLibraryPakFileMountedCallback: PakFile 'C:/Program Files/Epic Games/UE_4.27/FeaturePacks/TP_TwinStickBP.upack' (chunk index -1, root 'root:/') mounted
[2023.07.07-14.14.55:469][  0]LogShaderLibrary: Display: ShaderCodeLibraryPakFileMountedCallback: pending pak file info (ChunkID:-1 Root:root:/ File:C:/Program Files/Epic Games/UE_4.27/FeaturePacks/TP_TwinStickBP.upack)
[2023.07.07-14.14.55:469][  0]LogPakFile: OnPakFileMounted2Time == 0.000051
[2023.07.07-14.14.55:491][  0]LogPakFile: PakFile PrimaryIndexSize=183
[2023.07.07-14.14.55:491][  0]LogPakFile: PakFile PathHashIndexSize=101
[2023.07.07-14.14.55:491][  0]LogPakFile: PakFile FullDirectoryIndexSize=140
[2023.07.07-14.14.55:491][  0]LogShaderLibrary: Display: ShaderCodeLibraryPakFileMountedCallback: PakFile 'C:/Program Files/Epic Games/UE_4.27/FeaturePacks/TP_Vehicle.upack' (chunk index -1, root 'root:/') mounted
[2023.07.07-14.14.55:491][  0]LogShaderLibrary: Display: ShaderCodeLibraryPakFileMountedCallback: pending pak file info (ChunkID:-1 Root:root:/ File:C:/Program Files/Epic Games/UE_4.27/FeaturePacks/TP_Vehicle.upack)
[2023.07.07-14.14.55:491][  0]LogPakFile: OnPakFileMounted2Time == 0.000046
[2023.07.07-14.14.55:595][  0]LogPakFile: PakFile PrimaryIndexSize=186
[2023.07.07-14.14.55:595][  0]LogPakFile: PakFile PathHashIndexSize=101
[2023.07.07-14.14.55:595][  0]LogPakFile: PakFile FullDirectoryIndexSize=146
[2023.07.07-14.14.55:595][  0]LogShaderLibrary: Display: ShaderCodeLibraryPakFileMountedCallback: PakFile 'C:/Program Files/Epic Games/UE_4.27/FeaturePacks/TP_VehicleAdv.upack' (chunk index -1, root 'root:/') mounted
[2023.07.07-14.14.55:595][  0]LogShaderLibrary: Display: ShaderCodeLibraryPakFileMountedCallback: pending pak file info (ChunkID:-1 Root:root:/ File:C:/Program Files/Epic Games/UE_4.27/FeaturePacks/TP_VehicleAdv.upack)
[2023.07.07-14.14.55:595][  0]LogPakFile: OnPakFileMounted2Time == 0.000048
[2023.07.07-14.14.55:623][  0]LogPakFile: PakFile PrimaryIndexSize=188
[2023.07.07-14.14.55:623][  0]LogPakFile: PakFile PathHashIndexSize=101
[2023.07.07-14.14.55:623][  0]LogPakFile: PakFile FullDirectoryIndexSize=150
[2023.07.07-14.14.55:623][  0]LogShaderLibrary: Display: ShaderCodeLibraryPakFileMountedCallback: PakFile 'C:/Program Files/Epic Games/UE_4.27/FeaturePacks/TP_VehicleAdvBP.upack' (chunk index -1, root 'root:/') mounted
[2023.07.07-14.14.55:623][  0]LogShaderLibrary: Display: ShaderCodeLibraryPakFileMountedCallback: pending pak file info (ChunkID:-1 Root:root:/ File:C:/Program Files/Epic Games/UE_4.27/FeaturePacks/TP_VehicleAdvBP.upack)
[2023.07.07-14.14.55:623][  0]LogPakFile: OnPakFileMounted2Time == 0.000054
[2023.07.07-14.14.55:647][  0]LogPakFile: PakFile PrimaryIndexSize=185
[2023.07.07-14.14.55:647][  0]LogPakFile: PakFile PathHashIndexSize=101
[2023.07.07-14.14.55:647][  0]LogPakFile: PakFile FullDirectoryIndexSize=144
[2023.07.07-14.14.55:647][  0]LogShaderLibrary: Display: ShaderCodeLibraryPakFileMountedCallback: PakFile 'C:/Program Files/Epic Games/UE_4.27/FeaturePacks/TP_VehicleBP.upack' (chunk index -1, root 'root:/') mounted
[2023.07.07-14.14.55:647][  0]LogShaderLibrary: Display: ShaderCodeLibraryPakFileMountedCallback: pending pak file info (ChunkID:-1 Root:root:/ File:C:/Program Files/Epic Games/UE_4.27/FeaturePacks/TP_VehicleBP.upack)
[2023.07.07-14.14.55:647][  0]LogPakFile: OnPakFileMounted2Time == 0.000047
[2023.07.07-14.14.55:653][  0]LogPakFile: PakFile PrimaryIndexSize=192
[2023.07.07-14.14.55:653][  0]LogPakFile: PakFile PathHashIndexSize=101
[2023.07.07-14.14.55:653][  0]LogPakFile: PakFile FullDirectoryIndexSize=158
[2023.07.07-14.14.55:653][  0]LogShaderLibrary: Display: ShaderCodeLibraryPakFileMountedCallback: PakFile 'C:/Program Files/Epic Games/UE_4.27/FeaturePacks/TP_VirtualRealityBP.upack' (chunk index -1, root 'root:/') mounted
[2023.07.07-14.14.55:653][  0]LogShaderLibrary: Display: ShaderCodeLibraryPakFileMountedCallback: pending pak file info (ChunkID:-1 Root:root:/ File:C:/Program Files/Epic Games/UE_4.27/FeaturePacks/TP_VirtualRealityBP.upack)
[2023.07.07-14.14.55:653][  0]LogPakFile: OnPakFileMounted2Time == 0.000069
[2023.07.07-14.14.56:630][  0]LogNativeClassHierarchy: Verbose: Native class hierarchy updated for 'AddContentDialog' in 0.0003 seconds. Added 0 classes and 0 folders.
[2023.07.07-14.14.56:688][  0]LogNativeClassHierarchy: Verbose: Native class hierarchy updated for 'SceneOutliner' in 0.0003 seconds. Added 2 classes and 0 folders.
[2023.07.07-14.14.57:102][  0]LogSlate: Took 0.000285 seconds to synchronously load lazily loaded font '../../../Engine/Content/Slate/Fonts/Roboto-Regular.ttf' (155K)
[2023.07.07-14.14.57:123][  0]LogSlate: Took 0.020179 seconds to synchronously load lazily loaded font '../../../Engine/Content/Editor/Slate/Fonts/FontAwesome.ttf' (139K)
[2023.07.07-14.14.57:143][  0]LogSlate: Took 0.000229 seconds to synchronously load lazily loaded font '../../../Engine/Content/Slate/Fonts/Roboto-Bold.ttf' (160K)
[2023.07.07-14.14.57:692][  0]LogRenderer: Reallocating scene render targets to support 1208x572 Format 10 NumSamples 1 (Frame:1).
[2023.07.07-14.14.58:350][  0]LogNativeClassHierarchy: Verbose: Native class hierarchy updated for 'HierarchicalLODOutliner' in 0.0003 seconds. Added 0 classes and 0 folders.
[2023.07.07-14.14.58:350][  0]LogLoad: (Engine Initialization) Total time: 39.89 seconds
[2023.07.07-14.14.58:350][  0]LogLoad: (Engine Initialization) Total Blueprint compile time: 0.00 seconds
[2023.07.07-14.14.58:418][  0]LogAssetRegistry: Asset discovery search completed in 33.5554 seconds
[2023.07.07-14.14.58:424][  0]LogCollectionManager: Fixed up redirectors for 0 collections in 0.000003 seconds (updated 0 objects)
[2023.07.07-14.14.58:432][  0]LogContentStreaming: Texture pool size now 1000 MB
[2023.07.07-14.14.58:796][  2]LogSlate: Took 0.017885 seconds to synchronously load lazily loaded font '../../../Engine/Content/Slate/Fonts/Roboto-Light.ttf' (167K)
[2023.07.07-14.16.24:967][ 51]LogSlate: Took 0.092460 seconds to synchronously load lazily loaded font '../../../Engine/Content/Slate/Fonts/DroidSansFallback.ttf' (3848K)
